  [4;36;1mSQL (1.0ms)[0m   [0;1m SELECT name
 FROM sqlite_master
 WHERE type = 'table' AND NOT name = 'sqlite_sequence'
[0m
  [4;35;1mSQL (1.0ms)[0m   [0mselect sqlite_version(*)[0m
  [4;36;1mSQL (77.0ms)[0m   [0;1mCREATE TABLE "schema_migrations" ("version" varchar(255) NOT NULL) [0m
  [4;35;1mSQL (151.0ms)[0m   [0mCREATE UNIQUE INDEX "unique_schema_migrations" ON "schema_migrations" ("version")[0m
  [4;36;1mSQL (0.0ms)[0m   [0;1m SELECT name
 FROM sqlite_master
 WHERE type = 'table' AND NOT name = 'sqlite_sequence'
[0m
  [4;35;1mSQL (1.0ms)[0m   [0mSELECT version FROM schema_migrations[0m
Migrating to CreateTeams (20100307212323)
  [4;36;1mSQL (2.0ms)[0m   [0;1mCREATE TABLE "teams" ("id" INTEGER PRIMARY KEY AUTOINCREMENT NOT NULL, "created_at" datetime, "updated_at" datetime) [0m
  [4;35;1mSQL (0.0ms)[0m   [0mINSERT INTO schema_migrations (version) VALUES ('20100307212323')[0m
  [4;36;1mSQL (1.0ms)[0m   [0;1m SELECT name
 FROM sqlite_master
 WHERE type = 'table' AND NOT name = 'sqlite_sequence'
[0m
  [4;35;1mSQL (0.0ms)[0m   [0mSELECT version FROM schema_migrations[0m
  [4;36;1mSQL (1.0ms)[0m   [0;1m SELECT name
 FROM sqlite_master
 WHERE type = 'table' AND NOT name = 'sqlite_sequence'
[0m
  [4;35;1mSQL (0.0ms)[0m   [0mPRAGMA index_list("teams")[0m
  [4;36;1mSQL (1.0ms)[0m   [0;1m SELECT name
 FROM sqlite_master
 WHERE type = 'table' AND NOT name = 'sqlite_sequence'
[0m
  [4;35;1mSQL (0.0ms)[0m   [0mSELECT version FROM schema_migrations[0m
  [4;36;1mSQL (0.0ms)[0m   [0;1m SELECT name
 FROM sqlite_master
 WHERE type = 'table' AND NOT name = 'sqlite_sequence'
[0m
  [4;35;1mSQL (0.0ms)[0m   [0mSELECT version FROM schema_migrations[0m
Migrating to CreateTeams (20100307212323)
  [4;36;1mSQL (0.0ms)[0m   [0;1mselect sqlite_version(*)[0m
  [4;35;1mSQL (4.0ms)[0m   [0mDROP TABLE "teams"[0m
  [4;36;1mSQL (0.0ms)[0m   [0;1mDELETE FROM schema_migrations WHERE version = '20100307212323'[0m
  [4;35;1mSQL (1.0ms)[0m   [0m SELECT name
 FROM sqlite_master
 WHERE type = 'table' AND NOT name = 'sqlite_sequence'
[0m
  [4;36;1mSQL (0.0ms)[0m   [0;1mSELECT version FROM schema_migrations[0m
  [4;35;1mSQL (1.0ms)[0m   [0m SELECT name
 FROM sqlite_master
 WHERE type = 'table' AND NOT name = 'sqlite_sequence'
[0m
  [4;36;1mSQL (1.0ms)[0m   [0;1m SELECT name
 FROM sqlite_master
 WHERE type = 'table' AND NOT name = 'sqlite_sequence'
[0m
  [4;35;1mSQL (0.0ms)[0m   [0mSELECT version FROM schema_migrations[0m
Migrating to CreateTeams (20100307214006)
  [4;36;1mSQL (0.0ms)[0m   [0;1mselect sqlite_version(*)[0m
  [4;35;1mSQL (2.0ms)[0m   [0mCREATE TABLE "teams" ("id" INTEGER PRIMARY KEY AUTOINCREMENT NOT NULL, "name" varchar(255), "created_at" datetime, "updated_at" datetime) [0m
  [4;36;1mSQL (1.0ms)[0m   [0;1mINSERT INTO schema_migrations (version) VALUES ('20100307214006')[0m
  [4;35;1mSQL (0.0ms)[0m   [0m SELECT name
 FROM sqlite_master
 WHERE type = 'table' AND NOT name = 'sqlite_sequence'
[0m
  [4;36;1mSQL (0.0ms)[0m   [0;1mSELECT version FROM schema_migrations[0m
  [4;35;1mSQL (1.0ms)[0m   [0m SELECT name
 FROM sqlite_master
 WHERE type = 'table' AND NOT name = 'sqlite_sequence'
[0m
  [4;36;1mSQL (0.0ms)[0m   [0;1mPRAGMA index_list("teams")[0m


Processing TeamsController#index (for 127.0.0.1 at 2010-03-07 15:40:31) [GET]
  [4;36;1mTeam Load (0.0ms)[0m   [0;1mSELECT * FROM "teams" [0m
Rendering template within layouts/teams
Rendering teams/index
Completed in 2283ms (View: 2275, DB: 0) | 200 OK [http://localhost/teams]


Processing TeamsController#new (for 127.0.0.1 at 2010-03-07 15:40:37) [GET]
Rendering template within layouts/teams
Rendering teams/new

ActionView::TemplateError (undefined method `previous_points' for #<Team id: nil, name: nil, created_at: nil, updated_at: nil>) on line #12 of app/views/teams/new.html.erb:
9:   </p>
10:   <p>
11:     <%= f.label :previous_points %><br />
12:     <%= f.text_field :previous_points %>
13:   </p>
14:   <p>
15:     <%= f.label :indoor_games_points %><br />

    app/views/teams/new.html.erb:12
    app/views/teams/new.html.erb:3
    app/controllers/teams_controller.rb:29:in `new'
    C:/Ruby/lib/ruby/1.8/webrick/httpserver.rb:104:in `service'
    C:/Ruby/lib/ruby/1.8/webrick/httpserver.rb:65:in `run'
    C:/Ruby/lib/ruby/1.8/webrick/server.rb:173:in `start_thread'
    C:/Ruby/lib/ruby/1.8/webrick/server.rb:162:in `start'
    C:/Ruby/lib/ruby/1.8/webrick/server.rb:162:in `start_thread'
    C:/Ruby/lib/ruby/1.8/webrick/server.rb:95:in `start'
    C:/Ruby/lib/ruby/1.8/webrick/server.rb:92:in `each'
    C:/Ruby/lib/ruby/1.8/webrick/server.rb:92:in `start'
    C:/Ruby/lib/ruby/1.8/webrick/server.rb:23:in `start'
    C:/Ruby/lib/ruby/1.8/webrick/server.rb:82:in `start'

Rendered rescues/_trace (74.0ms)
Rendered rescues/_request_and_response (2.0ms)
Rendering rescues/layout (internal_server_error)


Processing TeamsController#new (for 127.0.0.1 at 2010-03-07 15:41:16) [GET]
Rendering template within layouts/teams
Rendering teams/new

ActionView::TemplateError (undefined method `previous_points' for #<Team id: nil, name: nil, created_at: nil, updated_at: nil>) on line #12 of app/views/teams/new.html.erb:
9:   </p>
10:   <p>
11:     <%= f.label :previous_points %><br />
12:     <%= f.text_field :previous_points %>
13:   </p>
14:   <p>
15:     <%= f.label :indoor_games_points %><br />

    app/views/teams/new.html.erb:12
    app/views/teams/new.html.erb:3
    app/controllers/teams_controller.rb:29:in `new'
    C:/Ruby/lib/ruby/1.8/webrick/httpserver.rb:104:in `service'
    C:/Ruby/lib/ruby/1.8/webrick/httpserver.rb:65:in `run'
    C:/Ruby/lib/ruby/1.8/webrick/server.rb:173:in `start_thread'
    C:/Ruby/lib/ruby/1.8/webrick/server.rb:162:in `start'
    C:/Ruby/lib/ruby/1.8/webrick/server.rb:162:in `start_thread'
    C:/Ruby/lib/ruby/1.8/webrick/server.rb:95:in `start'
    C:/Ruby/lib/ruby/1.8/webrick/server.rb:92:in `each'
    C:/Ruby/lib/ruby/1.8/webrick/server.rb:92:in `start'
    C:/Ruby/lib/ruby/1.8/webrick/server.rb:23:in `start'
    C:/Ruby/lib/ruby/1.8/webrick/server.rb:82:in `start'

Rendered rescues/_trace (74.0ms)
Rendered rescues/_request_and_response (0.0ms)
Rendering rescues/layout (internal_server_error)
  [4;36;1mSQL (1.0ms)[0m   [0;1m SELECT name
 FROM sqlite_master
 WHERE type = 'table' AND NOT name = 'sqlite_sequence'
[0m
  [4;35;1mSQL (1.0ms)[0m   [0mSELECT version FROM schema_migrations[0m
  [4;36;1mSQL (0.0ms)[0m   [0;1m SELECT name
 FROM sqlite_master
 WHERE type = 'table' AND NOT name = 'sqlite_sequence'
[0m
  [4;35;1mSQL (1.0ms)[0m   [0mSELECT version FROM schema_migrations[0m
Migrating to CreateTeams (20100307214006)
  [4;36;1mSQL (0.0ms)[0m   [0;1mselect sqlite_version(*)[0m
  [4;35;1mSQL (3.0ms)[0m   [0mDROP TABLE "teams"[0m
  [4;36;1mSQL (1.0ms)[0m   [0;1mDELETE FROM schema_migrations WHERE version = '20100307214006'[0m
  [4;35;1mSQL (1.0ms)[0m   [0m SELECT name
 FROM sqlite_master
 WHERE type = 'table' AND NOT name = 'sqlite_sequence'
[0m
  [4;36;1mSQL (0.0ms)[0m   [0;1mSELECT version FROM schema_migrations[0m
  [4;35;1mSQL (0.0ms)[0m   [0m SELECT name
 FROM sqlite_master
 WHERE type = 'table' AND NOT name = 'sqlite_sequence'
[0m
  [4;36;1mSQL (1.0ms)[0m   [0;1m SELECT name
 FROM sqlite_master
 WHERE type = 'table' AND NOT name = 'sqlite_sequence'
[0m
  [4;35;1mSQL (1.0ms)[0m   [0mSELECT version FROM schema_migrations[0m
Migrating to CreateTeams (20100307214006)
  [4;36;1mSQL (0.0ms)[0m   [0;1mselect sqlite_version(*)[0m
  [4;35;1mSQL (2.0ms)[0m   [0mCREATE TABLE "teams" ("id" INTEGER PRIMARY KEY AUTOINCREMENT NOT NULL, "name" varchar(255), "created_at" datetime, "updated_at" datetime) [0m
  [4;36;1mSQL (1.0ms)[0m   [0;1mINSERT INTO schema_migrations (version) VALUES ('20100307214006')[0m
  [4;35;1mSQL (0.0ms)[0m   [0m SELECT name
 FROM sqlite_master
 WHERE type = 'table' AND NOT name = 'sqlite_sequence'
[0m
  [4;36;1mSQL (1.0ms)[0m   [0;1mSELECT version FROM schema_migrations[0m
  [4;35;1mSQL (0.0ms)[0m   [0m SELECT name
 FROM sqlite_master
 WHERE type = 'table' AND NOT name = 'sqlite_sequence'
[0m
  [4;36;1mSQL (0.0ms)[0m   [0;1mPRAGMA index_list("teams")[0m


Processing TeamsController#index (for 127.0.0.1 at 2010-03-07 15:42:53) [GET]
  [4;36;1mTeam Load (1.0ms)[0m   [0;1mSELECT * FROM "teams" [0m
Rendering template within layouts/teams
Rendering teams/index
Completed in 64ms (View: 56, DB: 1) | 200 OK [http://localhost/teams]


Processing TeamsController#index (for 127.0.0.1 at 2010-03-07 15:42:55) [GET]
  [4;35;1mTeam Load (0.0ms)[0m   [0mSELECT * FROM "teams" [0m
Rendering template within layouts/teams
Rendering teams/index
Completed in 10ms (View: 2, DB: 0) | 200 OK [http://localhost/teams]


Processing TeamsController#new (for 127.0.0.1 at 2010-03-07 15:42:58) [GET]
Rendering template within layouts/teams
Rendering teams/new

ActionView::TemplateError (undefined method `previous_points' for #<Team id: nil, name: nil, created_at: nil, updated_at: nil>) on line #12 of app/views/teams/new.html.erb:
9:   </p>
10:   <p>
11:     <%= f.label :previous_points %><br />
12:     <%= f.text_field :previous_points %>
13:   </p>
14:   <p>
15:     <%= f.label :indoor_games_points %><br />

    app/views/teams/new.html.erb:12
    app/views/teams/new.html.erb:3
    app/controllers/teams_controller.rb:29:in `new'
    C:/Ruby/lib/ruby/1.8/webrick/httpserver.rb:104:in `service'
    C:/Ruby/lib/ruby/1.8/webrick/httpserver.rb:65:in `run'
    C:/Ruby/lib/ruby/1.8/webrick/server.rb:173:in `start_thread'
    C:/Ruby/lib/ruby/1.8/webrick/server.rb:162:in `start'
    C:/Ruby/lib/ruby/1.8/webrick/server.rb:162:in `start_thread'
    C:/Ruby/lib/ruby/1.8/webrick/server.rb:95:in `start'
    C:/Ruby/lib/ruby/1.8/webrick/server.rb:92:in `each'
    C:/Ruby/lib/ruby/1.8/webrick/server.rb:92:in `start'
    C:/Ruby/lib/ruby/1.8/webrick/server.rb:23:in `start'
    C:/Ruby/lib/ruby/1.8/webrick/server.rb:82:in `start'

Rendered rescues/_trace (77.0ms)
Rendered rescues/_request_and_response (3.0ms)
Rendering rescues/layout (internal_server_error)


Processing TeamsController#new (for 127.0.0.1 at 2010-03-07 15:44:58) [GET]
Rendering template within layouts/teams
Rendering teams/new

ActionView::TemplateError (undefined method `old_points' for #<Team id: nil, name: nil, created_at: nil, updated_at: nil>) on line #12 of app/views/teams/new.html.erb:
9:   </p>
10:   <p>
11:     <%= f.label :old_points %><br />
12:     <%= f.text_field :old_points %>
13:   </p>
14:   <p>
15:     <%= f.label :indoor_games_points %><br />

    app/views/teams/new.html.erb:12
    app/views/teams/new.html.erb:3
    app/controllers/teams_controller.rb:29:in `new'
    C:/Ruby/lib/ruby/1.8/webrick/httpserver.rb:104:in `service'
    C:/Ruby/lib/ruby/1.8/webrick/httpserver.rb:65:in `run'
    C:/Ruby/lib/ruby/1.8/webrick/server.rb:173:in `start_thread'
    C:/Ruby/lib/ruby/1.8/webrick/server.rb:162:in `start'
    C:/Ruby/lib/ruby/1.8/webrick/server.rb:162:in `start_thread'
    C:/Ruby/lib/ruby/1.8/webrick/server.rb:95:in `start'
    C:/Ruby/lib/ruby/1.8/webrick/server.rb:92:in `each'
    C:/Ruby/lib/ruby/1.8/webrick/server.rb:92:in `start'
    C:/Ruby/lib/ruby/1.8/webrick/server.rb:23:in `start'
    C:/Ruby/lib/ruby/1.8/webrick/server.rb:82:in `start'

Rendered rescues/_trace (151.0ms)
Rendered rescues/_request_and_response (0.0ms)
Rendering rescues/layout (internal_server_error)
  [4;36;1mSQL (1.0ms)[0m   [0;1m SELECT name
 FROM sqlite_master
 WHERE type = 'table' AND NOT name = 'sqlite_sequence'
[0m
  [4;35;1mSQL (1.0ms)[0m   [0mSELECT version FROM schema_migrations[0m
  [4;36;1mSQL (0.0ms)[0m   [0;1m SELECT name
 FROM sqlite_master
 WHERE type = 'table' AND NOT name = 'sqlite_sequence'
[0m
  [4;35;1mSQL (1.0ms)[0m   [0mSELECT version FROM schema_migrations[0m
Migrating to CreateTeams (20100307214006)
  [4;36;1mSQL (0.0ms)[0m   [0;1mselect sqlite_version(*)[0m
  [4;35;1mSQL (4.0ms)[0m   [0mDROP TABLE "teams"[0m
  [4;36;1mSQL (1.0ms)[0m   [0;1mDELETE FROM schema_migrations WHERE version = '20100307214006'[0m
  [4;35;1mSQL (1.0ms)[0m   [0m SELECT name
 FROM sqlite_master
 WHERE type = 'table' AND NOT name = 'sqlite_sequence'
[0m
  [4;36;1mSQL (1.0ms)[0m   [0;1mSELECT version FROM schema_migrations[0m
  [4;35;1mSQL (0.0ms)[0m   [0m SELECT name
 FROM sqlite_master
 WHERE type = 'table' AND NOT name = 'sqlite_sequence'
[0m
  [4;36;1mSQL (1.0ms)[0m   [0;1m SELECT name
 FROM sqlite_master
 WHERE type = 'table' AND NOT name = 'sqlite_sequence'
[0m
  [4;35;1mSQL (0.0ms)[0m   [0mSELECT version FROM schema_migrations[0m
Migrating to CreateTeams (20100307214006)
  [4;36;1mSQL (0.0ms)[0m   [0;1mselect sqlite_version(*)[0m
  [4;35;1mSQL (2.0ms)[0m   [0mCREATE TABLE "teams" ("id" INTEGER PRIMARY KEY AUTOINCREMENT NOT NULL, "name" varchar(255), "old_points" integer, "indoor_games_points" integer, "outdoor_games_points" integer, "friend_points" integer, "spirit_points" integer, "deductions" integer, "created_at" datetime, "updated_at" datetime) [0m
  [4;36;1mSQL (1.0ms)[0m   [0;1mINSERT INTO schema_migrations (version) VALUES ('20100307214006')[0m
  [4;35;1mSQL (1.0ms)[0m   [0m SELECT name
 FROM sqlite_master
 WHERE type = 'table' AND NOT name = 'sqlite_sequence'
[0m
  [4;36;1mSQL (0.0ms)[0m   [0;1mSELECT version FROM schema_migrations[0m
  [4;35;1mSQL (1.0ms)[0m   [0m SELECT name
 FROM sqlite_master
 WHERE type = 'table' AND NOT name = 'sqlite_sequence'
[0m
  [4;36;1mSQL (0.0ms)[0m   [0;1mPRAGMA index_list("teams")[0m


Processing TeamsController#new (for 127.0.0.1 at 2010-03-07 15:51:59) [GET]
Rendering template within layouts/teams
Rendering teams/new
Completed in 81ms (View: 72, DB: 0) | 200 OK [http://localhost/teams/new]


Processing TeamsController#create (for 127.0.0.1 at 2010-03-07 15:52:17) [POST]
  Parameters: {"commit"=>"Create", "authenticity_token"=>"mbj7v27I6+DVCf9r7WdnwZqe9jpaRs8Aj9OBqNmsvKU=", "team"=>{"name"=>"Red", "indoor_games_points"=>"greg", "spirit_points"=>"will", "deductions"=>"thomas", "friend_points"=>"david", "outdoor_games_points"=>"lame", "old_points"=>"bob"}}
  [4;36;1mTeam Create (2.0ms)[0m   [0;1mINSERT INTO "teams" ("name", "updated_at", "indoor_games_points", "spirit_points", "deductions", "outdoor_games_points", "friend_points", "old_points", "created_at") VALUES('Red', '2010-03-07 21:52:17', 0, 0, 0, 0, 0, 0, '2010-03-07 21:52:17')[0m
Redirected to http://localhost:3000/teams/1
Completed in 270ms (DB: 2) | 302 Found [http://localhost/teams]


Processing TeamsController#show (for 127.0.0.1 at 2010-03-07 15:52:18) [GET]
  Parameters: {"id"=>"1"}
  [4;35;1mTeam Load (0.0ms)[0m   [0mSELECT * FROM "teams" WHERE ("teams"."id" = 1) [0m
Rendering template within layouts/teams
Rendering teams/show

ActionView::TemplateError (undefined method `previous_points' for #<Team:0x5fcdab4>) on line #8 of app/views/teams/show.html.erb:
5: 
6: <p>
7:   <b>Previous points:</b>
8:   <%=h @team.previous_points %>
9: </p>
10: 
11: <p>

    app/views/teams/show.html.erb:8
    app/controllers/teams_controller.rb:18:in `show'
    C:/Ruby/lib/ruby/1.8/webrick/httpserver.rb:104:in `service'
    C:/Ruby/lib/ruby/1.8/webrick/httpserver.rb:65:in `run'
    C:/Ruby/lib/ruby/1.8/webrick/server.rb:173:in `start_thread'
    C:/Ruby/lib/ruby/1.8/webrick/server.rb:162:in `start'
    C:/Ruby/lib/ruby/1.8/webrick/server.rb:162:in `start_thread'
    C:/Ruby/lib/ruby/1.8/webrick/server.rb:95:in `start'
    C:/Ruby/lib/ruby/1.8/webrick/server.rb:92:in `each'
    C:/Ruby/lib/ruby/1.8/webrick/server.rb:92:in `start'
    C:/Ruby/lib/ruby/1.8/webrick/server.rb:23:in `start'
    C:/Ruby/lib/ruby/1.8/webrick/server.rb:82:in `start'

Rendered rescues/_trace (67.0ms)
Rendered rescues/_request_and_response (3.0ms)
Rendering rescues/layout (internal_server_error)
  [4;36;1mSQL (1.0ms)[0m   [0;1m SELECT name
 FROM sqlite_master
 WHERE type = 'table' AND NOT name = 'sqlite_sequence'
[0m
  [4;35;1mSQL (1.0ms)[0m   [0mSELECT version FROM schema_migrations[0m
  [4;36;1mSQL (1.0ms)[0m   [0;1m SELECT name
 FROM sqlite_master
 WHERE type = 'table' AND NOT name = 'sqlite_sequence'
[0m
  [4;35;1mSQL (1.0ms)[0m   [0mSELECT version FROM schema_migrations[0m
Migrating to CreateTeams (20100307214006)
  [4;36;1mSQL (0.0ms)[0m   [0;1mselect sqlite_version(*)[0m
  [4;35;1mSQL (4.0ms)[0m   [0mDROP TABLE "teams"[0m
  [4;36;1mSQL (0.0ms)[0m   [0;1mDELETE FROM schema_migrations WHERE version = '20100307214006'[0m
  [4;35;1mSQL (0.0ms)[0m   [0m SELECT name
 FROM sqlite_master
 WHERE type = 'table' AND NOT name = 'sqlite_sequence'
[0m
  [4;36;1mSQL (0.0ms)[0m   [0;1mSELECT version FROM schema_migrations[0m
  [4;35;1mSQL (1.0ms)[0m   [0m SELECT name
 FROM sqlite_master
 WHERE type = 'table' AND NOT name = 'sqlite_sequence'
[0m
  [4;36;1mSQL (1.0ms)[0m   [0;1m SELECT name
 FROM sqlite_master
 WHERE type = 'table' AND NOT name = 'sqlite_sequence'
[0m
  [4;35;1mSQL (0.0ms)[0m   [0mSELECT version FROM schema_migrations[0m
Migrating to CreateTeams (20100307214006)
  [4;36;1mSQL (0.0ms)[0m   [0;1mselect sqlite_version(*)[0m
  [4;35;1mSQL (3.0ms)[0m   [0mCREATE TABLE "teams" ("id" INTEGER PRIMARY KEY AUTOINCREMENT NOT NULL, "name" varchar(255), "previous_points" integer, "indoor_games_points" integer, "outdoor_games_points" integer, "friend_points" integer, "spirit_points" integer, "deductions" integer, "created_at" datetime, "updated_at" datetime) [0m
  [4;36;1mSQL (1.0ms)[0m   [0;1mINSERT INTO schema_migrations (version) VALUES ('20100307214006')[0m
  [4;35;1mSQL (0.0ms)[0m   [0m SELECT name
 FROM sqlite_master
 WHERE type = 'table' AND NOT name = 'sqlite_sequence'
[0m
  [4;36;1mSQL (1.0ms)[0m   [0;1mSELECT version FROM schema_migrations[0m
  [4;35;1mSQL (0.0ms)[0m   [0m SELECT name
 FROM sqlite_master
 WHERE type = 'table' AND NOT name = 'sqlite_sequence'
[0m
  [4;36;1mSQL (0.0ms)[0m   [0;1mPRAGMA index_list("teams")[0m


Processing TeamsController#index (for 127.0.0.1 at 2010-03-07 15:53:47) [GET]
  [4;36;1mTeam Load (1.0ms)[0m   [0;1mSELECT * FROM "teams" [0m
Rendering template within layouts/teams
Rendering teams/index
Completed in 67ms (View: 58, DB: 1) | 200 OK [http://localhost/teams]


Processing TeamsController#new (for 127.0.0.1 at 2010-03-07 15:53:48) [GET]
Rendering template within layouts/teams
Rendering teams/new
Completed in 29ms (View: 20, DB: 0) | 200 OK [http://localhost/teams/new]


Processing TeamsController#index (for 127.0.0.1 at 2010-03-07 15:53:55) [GET]
  [4;35;1mTeam Load (1.0ms)[0m   [0mSELECT * FROM "teams" [0m
Rendering template within layouts/teams
Rendering teams/index
Completed in 12ms (View: 2, DB: 1) | 200 OK [http://localhost/teams/]


Processing TeamsController#new (for 127.0.0.1 at 2010-03-07 15:53:57) [GET]
Rendering template within layouts/teams
Rendering teams/new
Completed in 22ms (View: 12, DB: 0) | 200 OK [http://localhost/teams/new]


Processing TeamsController#create (for 127.0.0.1 at 2010-03-07 15:54:09) [POST]
  Parameters: {"commit"=>"Create", "authenticity_token"=>"mbj7v27I6+DVCf9r7WdnwZqe9jpaRs8Aj9OBqNmsvKU=", "team"=>{"name"=>"Red", "indoor_games_points"=>"lame", "previous_points"=>"bob", "spirit_points"=>"thomas", "deductions"=>"will", "friend_points"=>"david", "outdoor_games_points"=>"bill"}}
  [4;36;1mTeam Create (2.0ms)[0m   [0;1mINSERT INTO "teams" ("name", "updated_at", "indoor_games_points", "previous_points", "spirit_points", "deductions", "outdoor_games_points", "friend_points", "created_at") VALUES('Red', '2010-03-07 21:54:09', 0, 0, 0, 0, 0, 0, '2010-03-07 21:54:09')[0m
Redirected to http://localhost:3000/teams/1
Completed in 119ms (DB: 2) | 302 Found [http://localhost/teams]


Processing TeamsController#show (for 127.0.0.1 at 2010-03-07 15:54:10) [GET]
  Parameters: {"id"=>"1"}
  [4;35;1mTeam Load (1.0ms)[0m   [0mSELECT * FROM "teams" WHERE ("teams"."id" = 1) [0m
Rendering template within layouts/teams
Rendering teams/show
Completed in 22ms (View: 13, DB: 1) | 200 OK [http://localhost/teams/1]


Processing TeamsController#index (for 127.0.0.1 at 2010-03-07 15:54:15) [GET]
  [4;36;1mTeam Load (1.0ms)[0m   [0;1mSELECT * FROM "teams" [0m
Rendering template within layouts/teams
Rendering teams/index
Completed in 20ms (View: 11, DB: 1) | 200 OK [http://localhost/teams]
  [4;36;1mSQL (0.0ms)[0m   [0;1m SELECT name
 FROM sqlite_master
 WHERE type = 'table' AND NOT name = 'sqlite_sequence'
[0m
  [4;35;1mSQL (0.0ms)[0m   [0mSELECT version FROM schema_migrations[0m
Migrating to CreateTeams (20100307214006)
Migrating to CreateStampeders (20100307215806)
  [4;36;1mSQL (0.0ms)[0m   [0;1mselect sqlite_version(*)[0m
  [4;35;1mSQL (2.0ms)[0m   [0mCREATE TABLE "stampeders" ("id" INTEGER PRIMARY KEY AUTOINCREMENT NOT NULL, "lastname" varchar(255), "firstname" varchar(255), "barcode" integer, "phone" integer, "address" varchar(255), "grade" integer, "city" varchar(255), "state" varchar(255), "gender" integer, "created_at" datetime, "updated_at" datetime) [0m
  [4;36;1mSQL (0.0ms)[0m   [0;1mINSERT INTO schema_migrations (version) VALUES ('20100307215806')[0m
  [4;35;1mSQL (1.0ms)[0m   [0m SELECT name
 FROM sqlite_master
 WHERE type = 'table' AND NOT name = 'sqlite_sequence'
[0m
  [4;36;1mSQL (0.0ms)[0m   [0;1mSELECT version FROM schema_migrations[0m
  [4;35;1mSQL (1.0ms)[0m   [0m SELECT name
 FROM sqlite_master
 WHERE type = 'table' AND NOT name = 'sqlite_sequence'
[0m
  [4;36;1mSQL (1.0ms)[0m   [0;1mPRAGMA index_list("stampeders")[0m
  [4;35;1mSQL (0.0ms)[0m   [0mPRAGMA index_list("teams")[0m
  [4;36;1mSQL (0.0ms)[0m   [0;1m SELECT name
 FROM sqlite_master
 WHERE type = 'table' AND NOT name = 'sqlite_sequence'
[0m
  [4;35;1mSQL (1.0ms)[0m   [0mSELECT version FROM schema_migrations[0m
Migrating to CreateTeams (20100307214006)
Migrating to CreateStampeders (20100307215806)
Migrating to AddRelationshipToStampeder (20100307221203)
  [4;36;1mSQL (1.0ms)[0m   [0;1mselect sqlite_version(*)[0m
  [4;35;1mSQL (0.0ms)[0m   [0mSQLite3::SQLException: no such table: stampeder: ALTER TABLE "stampeder" ADD "team_id" integer[0m
  [4;36;1mSQL (1.0ms)[0m   [0;1m SELECT name
 FROM sqlite_master
 WHERE type = 'table' AND NOT name = 'sqlite_sequence'
[0m
  [4;35;1mSQL (0.0ms)[0m   [0mSELECT version FROM schema_migrations[0m
Migrating to CreateTeams (20100307214006)
Migrating to CreateStampeders (20100307215806)
Migrating to AddRelationshipToStampeders (20100307221203)
  [4;36;1mSQL (0.0ms)[0m   [0;1mselect sqlite_version(*)[0m
  [4;35;1mSQL (2.0ms)[0m   [0mALTER TABLE "stampeders" ADD "team_id" integer[0m
  [4;36;1mSQL (0.0ms)[0m   [0;1mCREATE INDEX "index_stampeders_on_team_id" ON "stampeders" ("team_id")[0m
  [4;35;1mSQL (0.0ms)[0m   [0mINSERT INTO schema_migrations (version) VALUES ('20100307221203')[0m
  [4;36;1mSQL (1.0ms)[0m   [0;1m SELECT name
 FROM sqlite_master
 WHERE type = 'table' AND NOT name = 'sqlite_sequence'
[0m
  [4;35;1mSQL (0.0ms)[0m   [0mSELECT version FROM schema_migrations[0m
  [4;36;1mSQL (1.0ms)[0m   [0;1m SELECT name
 FROM sqlite_master
 WHERE type = 'table' AND NOT name = 'sqlite_sequence'
[0m
  [4;35;1mSQL (0.0ms)[0m   [0mPRAGMA index_list("stampeders")[0m
  [4;36;1mSQL (0.0ms)[0m   [0;1mPRAGMA index_info('index_stampeders_on_team_id')[0m
  [4;35;1mSQL (0.0ms)[0m   [0mPRAGMA index_list("teams")[0m


Processing ApplicationController#index (for 127.0.0.1 at 2010-03-07 16:19:58) [GET]

ActionController::RoutingError (No route matches "/stampeder" with {:method=>:get}):
  C:/Ruby/lib/ruby/1.8/webrick/httpserver.rb:104:in `service'
  C:/Ruby/lib/ruby/1.8/webrick/httpserver.rb:65:in `run'
  C:/Ruby/lib/ruby/1.8/webrick/server.rb:173:in `start_thread'
  C:/Ruby/lib/ruby/1.8/webrick/server.rb:162:in `start'
  C:/Ruby/lib/ruby/1.8/webrick/server.rb:162:in `start_thread'
  C:/Ruby/lib/ruby/1.8/webrick/server.rb:95:in `start'
  C:/Ruby/lib/ruby/1.8/webrick/server.rb:92:in `each'
  C:/Ruby/lib/ruby/1.8/webrick/server.rb:92:in `start'
  C:/Ruby/lib/ruby/1.8/webrick/server.rb:23:in `start'
  C:/Ruby/lib/ruby/1.8/webrick/server.rb:82:in `start'

Rendering rescues/layout (not_found)


Processing StampedersController#index (for 127.0.0.1 at 2010-03-07 16:20:41) [GET]
  [4;36;1mStampeder Load (1.0ms)[0m   [0;1mSELECT * FROM "stampeders" [0m
Rendering template within layouts/stampeders
Rendering stampeders/index
Completed in 69ms (View: 60, DB: 1) | 200 OK [http://localhost/stampeders]


Processing StampedersController#new (for 127.0.0.1 at 2010-03-07 16:20:44) [GET]
Rendering template within layouts/stampeders
Rendering stampeders/new
Completed in 31ms (View: 22, DB: 0) | 200 OK [http://localhost/stampeders/new]


Processing StampedersController#create (for 127.0.0.1 at 2010-03-07 16:21:23) [POST]
  Parameters: {"commit"=>"Create", "authenticity_token"=>"mbj7v27I6+DVCf9r7WdnwZqe9jpaRs8Aj9OBqNmsvKU=", "stampeder"=>{"city"=>"Fort Worth", "grade"=>"11", "barcode"=>"918272917", "gender"=>"Male", "firstname"=>"Will", "lastname"=>"Cosgrove", "phone"=>"8175868669", "address"=>"7912 Vista Ridge Dr N", "state"=>"TX"}}
  [4;35;1mStampeder Create (2.0ms)[0m   [0mINSERT INTO "stampeders" ("city", "team_id", "grade", "updated_at", "barcode", "lastname", "firstname", "gender", "phone", "address", "state", "created_at") VALUES('Fort Worth', NULL, 11, '2010-03-07 22:21:23', 918272917, 'Cosgrove', 'Will', 0, 8175868669, '7912 Vista Ridge Dr N', 'TX', '2010-03-07 22:21:23')[0m
Redirected to http://localhost:3000/stampeders/1
Completed in 134ms (DB: 2) | 302 Found [http://localhost/stampeders]


Processing StampedersController#show (for 127.0.0.1 at 2010-03-07 16:21:25) [GET]
  Parameters: {"id"=>"1"}
  [4;36;1mStampeder Load (0.0ms)[0m   [0;1mSELECT * FROM "stampeders" WHERE ("stampeders"."id" = 1) [0m
Rendering template within layouts/stampeders
Rendering stampeders/show
Completed in 26ms (View: 15, DB: 0) | 200 OK [http://localhost/stampeders/1]


Processing StampedersController#index (for 127.0.0.1 at 2010-03-07 16:21:31) [GET]
  [4;35;1mStampeder Load (1.0ms)[0m   [0mSELECT * FROM "stampeders" [0m
Rendering template within layouts/stampeders
Rendering stampeders/index
Completed in 19ms (View: 10, DB: 1) | 200 OK [http://localhost/stampeders]


Processing StampedersController#edit (for 127.0.0.1 at 2010-03-07 16:21:40) [GET]
  Parameters: {"id"=>"1"}
  [4;36;1mStampeder Load (0.0ms)[0m   [0;1mSELECT * FROM "stampeders" WHERE ("stampeders"."id" = 1) [0m
Rendering template within layouts/stampeders
Rendering stampeders/edit
Completed in 33ms (View: 22, DB: 0) | 200 OK [http://localhost/stampeders/1/edit]


Processing StampedersController#update (for 127.0.0.1 at 2010-03-07 16:21:43) [PUT]
  Parameters: {"commit"=>"Update", "authenticity_token"=>"mbj7v27I6+DVCf9r7WdnwZqe9jpaRs8Aj9OBqNmsvKU=", "id"=>"1", "stampeder"=>{"city"=>"Fort Worth", "grade"=>"11", "barcode"=>"918272917", "gender"=>"0", "firstname"=>"Will", "lastname"=>"Cosgrove", "phone"=>"8175868669", "address"=>"7912 Vista Ridge Dr N", "state"=>"TX"}}
  [4;35;1mStampeder Load (1.0ms)[0m   [0mSELECT * FROM "stampeders" WHERE ("stampeders"."id" = 1) [0m
Redirected to http://localhost:3000/stampeders/1
Completed in 16ms (DB: 1) | 302 Found [http://localhost/stampeders/1]


Processing StampedersController#show (for 127.0.0.1 at 2010-03-07 16:21:44) [GET]
  Parameters: {"id"=>"1"}
  [4;36;1mStampeder Load (0.0ms)[0m   [0;1mSELECT * FROM "stampeders" WHERE ("stampeders"."id" = 1) [0m
Rendering template within layouts/stampeders
Rendering stampeders/show
Completed in 16ms (View: 6, DB: 0) | 200 OK [http://localhost/stampeders/1]


Processing StampedersController#index (for 127.0.0.1 at 2010-03-07 16:27:09) [GET]
  [4;35;1mStampeder Load (2.0ms)[0m   [0mSELECT * FROM "stampeders" [0m
Rendering template within layouts/stampeders
Rendering stampeders/index
Completed in 64ms (View: 12, DB: 2) | 200 OK [http://localhost/stampeders]


Processing StampedersController#show (for 127.0.0.1 at 2010-03-07 16:27:13) [GET]
  Parameters: {"id"=>"1"}
  [4;36;1mStampeder Load (1.0ms)[0m   [0;1mSELECT * FROM "stampeders" WHERE ("stampeders"."id" = 1) [0m
Rendering template within layouts/stampeders
Rendering stampeders/show

ActionView::TemplateError (undefined method `name' for nil:NilClass) on line #13 of app/views/stampeders/show.html.erb:
10: 
11: <p>
12:   <b>Team:</b>
13:   <%= @stampeder.team.name %>
14: </p>
15: 
16: <p>

    app/views/stampeders/show.html.erb:13
    app/controllers/stampeders_controller.rb:18:in `show'
    C:/Ruby/lib/ruby/1.8/webrick/httpserver.rb:104:in `service'
    C:/Ruby/lib/ruby/1.8/webrick/httpserver.rb:65:in `run'
    C:/Ruby/lib/ruby/1.8/webrick/server.rb:173:in `start_thread'
    C:/Ruby/lib/ruby/1.8/webrick/server.rb:162:in `start'
    C:/Ruby/lib/ruby/1.8/webrick/server.rb:162:in `start_thread'
    C:/Ruby/lib/ruby/1.8/webrick/server.rb:95:in `start'
    C:/Ruby/lib/ruby/1.8/webrick/server.rb:92:in `each'
    C:/Ruby/lib/ruby/1.8/webrick/server.rb:92:in `start'
    C:/Ruby/lib/ruby/1.8/webrick/server.rb:23:in `start'
    C:/Ruby/lib/ruby/1.8/webrick/server.rb:82:in `start'

Rendered rescues/_trace (73.0ms)
Rendered rescues/_request_and_response (3.0ms)
Rendering rescues/layout (internal_server_error)


Processing TeamsController#index (for 127.0.0.1 at 2010-03-07 16:27:46) [GET]
  [4;35;1mTeam Load (1.0ms)[0m   [0mSELECT * FROM "teams" [0m
Rendering template within layouts/teams
Rendering teams/index
Completed in 86ms (View: 30, DB: 1) | 200 OK [http://localhost/teams]


Processing TeamsController#edit (for 127.0.0.1 at 2010-03-07 16:27:54) [GET]
  Parameters: {"id"=>"1"}
  [4;36;1mTeam Load (0.0ms)[0m   [0;1mSELECT * FROM "teams" WHERE ("teams"."id" = 1) [0m
Rendering template within layouts/teams
Rendering teams/edit
Completed in 29ms (View: 20, DB: 0) | 200 OK [http://localhost/teams/1/edit]


Processing StampedersController#index (for 127.0.0.1 at 2010-03-07 16:28:37) [GET]
  [4;36;1mStampeder Load (1.0ms)[0m   [0;1mSELECT * FROM "stampeders" [0m
Rendering template within layouts/stampeders
Rendering stampeders/index
Completed in 92ms (View: 69, DB: 1) | 200 OK [http://localhost/stampeders]


Processing StampedersController#show (for 127.0.0.1 at 2010-03-07 16:28:41) [GET]
  Parameters: {"id"=>"1"}
  [4;35;1mStampeder Load (2.0ms)[0m   [0mSELECT * FROM "stampeders" WHERE ("stampeders"."id" = 1) [0m
Rendering template within layouts/stampeders
Rendering stampeders/show

ActionView::TemplateError (undefined method `name' for nil:NilClass) on line #13 of app/views/stampeders/show.html.erb:
10: 
11: <p>
12:   <b>Team:</b>
13:   <%= @stampeder.team.name %>
14: </p>
15: 
16: <p>

    app/views/stampeders/show.html.erb:13
    app/controllers/stampeders_controller.rb:18:in `show'
    C:/Ruby/lib/ruby/1.8/webrick/httpserver.rb:104:in `service'
    C:/Ruby/lib/ruby/1.8/webrick/httpserver.rb:65:in `run'
    C:/Ruby/lib/ruby/1.8/webrick/server.rb:173:in `start_thread'
    C:/Ruby/lib/ruby/1.8/webrick/server.rb:162:in `start'
    C:/Ruby/lib/ruby/1.8/webrick/server.rb:162:in `start_thread'
    C:/Ruby/lib/ruby/1.8/webrick/server.rb:95:in `start'
    C:/Ruby/lib/ruby/1.8/webrick/server.rb:92:in `each'
    C:/Ruby/lib/ruby/1.8/webrick/server.rb:92:in `start'
    C:/Ruby/lib/ruby/1.8/webrick/server.rb:23:in `start'
    C:/Ruby/lib/ruby/1.8/webrick/server.rb:82:in `start'

Rendered rescues/_trace (70.0ms)
Rendered rescues/_request_and_response (3.0ms)
Rendering rescues/layout (internal_server_error)


Processing TeamsController#index (for 127.0.0.1 at 2010-03-07 16:29:13) [GET]
  [4;36;1mTeam Load (1.0ms)[0m   [0;1mSELECT * FROM "teams" [0m
Rendering template within layouts/teams
Rendering teams/index
Completed in 62ms (View: 30, DB: 1) | 200 OK [http://localhost/teams]


Processing TeamsController#new (for 127.0.0.1 at 2010-03-07 16:29:16) [GET]
Rendering template within layouts/teams
Rendering teams/new
Completed in 29ms (View: 20, DB: 0) | 200 OK [http://localhost/teams/new]


Processing TeamsController#create (for 127.0.0.1 at 2010-03-07 16:29:21) [POST]
  Parameters: {"commit"=>"Create", "authenticity_token"=>"mbj7v27I6+DVCf9r7WdnwZqe9jpaRs8Aj9OBqNmsvKU=", "team"=>{"name"=>"Green", "indoor_games_points"=>"", "previous_points"=>"", "spirit_points"=>"", "deductions"=>"", "friend_points"=>"", "outdoor_games_points"=>""}}
  [4;35;1mTeam Create (2.0ms)[0m   [0mINSERT INTO "teams" ("name", "updated_at", "indoor_games_points", "previous_points", "spirit_points", "deductions", "outdoor_games_points", "friend_points", "created_at") VALUES('Green', '2010-03-07 22:29:21', NULL, NULL, NULL, NULL, NULL, NULL, '2010-03-07 22:29:21')[0m
Redirected to http://localhost:3000/teams/2
Completed in 117ms (DB: 2) | 302 Found [http://localhost/teams]


Processing TeamsController#show (for 127.0.0.1 at 2010-03-07 16:29:22) [GET]
  Parameters: {"id"=>"2"}
  [4;36;1mTeam Load (1.0ms)[0m   [0;1mSELECT * FROM "teams" WHERE ("teams"."id" = 2) [0m
Rendering template within layouts/teams
Rendering teams/show
Completed in 95ms (View: 83, DB: 1) | 200 OK [http://localhost/teams/2]


Processing TeamsController#index (for 127.0.0.1 at 2010-03-07 16:29:24) [GET]
  [4;35;1mTeam Load (1.0ms)[0m   [0mSELECT * FROM "teams" [0m
Rendering template within layouts/teams
Rendering teams/index
Completed in 23ms (View: 13, DB: 1) | 200 OK [http://localhost/teams]


Processing TeamsController#new (for 127.0.0.1 at 2010-03-07 16:29:26) [GET]
Rendering template within layouts/teams
Rendering teams/new
Completed in 20ms (View: 10, DB: 0) | 200 OK [http://localhost/teams/new]


Processing TeamsController#create (for 127.0.0.1 at 2010-03-07 16:29:33) [POST]
  Parameters: {"commit"=>"Create", "authenticity_token"=>"mbj7v27I6+DVCf9r7WdnwZqe9jpaRs8Aj9OBqNmsvKU=", "team"=>{"name"=>"Blue", "indoor_games_points"=>"0", "previous_points"=>"0", "spirit_points"=>"0", "deductions"=>"0", "friend_points"=>"0", "outdoor_games_points"=>"0"}}
  [4;36;1mTeam Create (2.0ms)[0m   [0;1mINSERT INTO "teams" ("name", "updated_at", "indoor_games_points", "previous_points", "spirit_points", "deductions", "outdoor_games_points", "friend_points", "created_at") VALUES('Blue', '2010-03-07 22:29:33', 0, 0, 0, 0, 0, 0, '2010-03-07 22:29:33')[0m
Redirected to http://localhost:3000/teams/3
Completed in 110ms (DB: 2) | 302 Found [http://localhost/teams]


Processing TeamsController#show (for 127.0.0.1 at 2010-03-07 16:29:34) [GET]
  Parameters: {"id"=>"3"}
  [4;35;1mTeam Load (0.0ms)[0m   [0mSELECT * FROM "teams" WHERE ("teams"."id" = 3) [0m
Rendering template within layouts/teams
Rendering teams/show
Completed in 19ms (View: 5, DB: 0) | 200 OK [http://localhost/teams/3]


Processing TeamsController#index (for 127.0.0.1 at 2010-03-07 16:29:36) [GET]
  [4;36;1mTeam Load (1.0ms)[0m   [0;1mSELECT * FROM "teams" [0m
Rendering template within layouts/teams
Rendering teams/index
Completed in 27ms (View: 17, DB: 1) | 200 OK [http://localhost/teams]


Processing TeamsController#new (for 127.0.0.1 at 2010-03-07 16:29:37) [GET]
Rendering template within layouts/teams
Rendering teams/new
Completed in 21ms (View: 10, DB: 0) | 200 OK [http://localhost/teams/new]


Processing TeamsController#create (for 127.0.0.1 at 2010-03-07 16:29:45) [POST]
  Parameters: {"commit"=>"Create", "authenticity_token"=>"mbj7v27I6+DVCf9r7WdnwZqe9jpaRs8Aj9OBqNmsvKU=", "team"=>{"name"=>"Yellow", "indoor_games_points"=>"0", "previous_points"=>"0", "spirit_points"=>"0", "deductions"=>"0", "friend_points"=>"0", "outdoor_games_points"=>"0"}}
  [4;35;1mTeam Create (2.0ms)[0m   [0mINSERT INTO "teams" ("name", "updated_at", "indoor_games_points", "previous_points", "spirit_points", "deductions", "outdoor_games_points", "friend_points", "created_at") VALUES('Yellow', '2010-03-07 22:29:45', 0, 0, 0, 0, 0, 0, '2010-03-07 22:29:45')[0m
Redirected to http://localhost:3000/teams/4
Completed in 105ms (DB: 2) | 302 Found [http://localhost/teams]


Processing TeamsController#show (for 127.0.0.1 at 2010-03-07 16:29:46) [GET]
  Parameters: {"id"=>"4"}
  [4;36;1mTeam Load (0.0ms)[0m   [0;1mSELECT * FROM "teams" WHERE ("teams"."id" = 4) [0m
Rendering template within layouts/teams
Rendering teams/show
Completed in 16ms (View: 5, DB: 0) | 200 OK [http://localhost/teams/4]


Processing TeamsController#index (for 127.0.0.1 at 2010-03-07 16:29:57) [GET]
  [4;35;1mTeam Load (2.0ms)[0m   [0mSELECT * FROM "teams" [0m
Rendering template within layouts/teams
Rendering teams/index
Completed in 28ms (View: 19, DB: 2) | 200 OK [http://localhost/teams]


Processing TeamsController#edit (for 127.0.0.1 at 2010-03-07 16:29:59) [GET]
  Parameters: {"id"=>"2"}
  [4;36;1mTeam Load (1.0ms)[0m   [0;1mSELECT * FROM "teams" WHERE ("teams"."id" = 2) [0m
Rendering template within layouts/teams
Rendering teams/edit
Completed in 106ms (View: 93, DB: 1) | 200 OK [http://localhost/teams/2/edit]


Processing TeamsController#update (for 127.0.0.1 at 2010-03-07 16:30:03) [PUT]
  Parameters: {"commit"=>"Update", "authenticity_token"=>"mbj7v27I6+DVCf9r7WdnwZqe9jpaRs8Aj9OBqNmsvKU=", "id"=>"2", "team"=>{"name"=>"Green", "indoor_games_points"=>"0", "previous_points"=>"0", "spirit_points"=>"0", "deductions"=>"0", "friend_points"=>"0", "outdoor_games_points"=>"0"}}
  [4;35;1mTeam Load (0.0ms)[0m   [0mSELECT * FROM "teams" WHERE ("teams"."id" = 2) [0m
  [4;36;1mTeam Update (4.0ms)[0m   [0;1mUPDATE "teams" SET "deductions" = 0, "friend_points" = 0, "indoor_games_points" = 0, "outdoor_games_points" = 0, "previous_points" = 0, "spirit_points" = 0, "updated_at" = '2010-03-07 22:30:03' WHERE "id" = 2[0m
Redirected to http://localhost:3000/teams/2
Completed in 107ms (DB: 4) | 302 Found [http://localhost/teams/2]


Processing TeamsController#show (for 127.0.0.1 at 2010-03-07 16:30:04) [GET]
  Parameters: {"id"=>"2"}
  [4;35;1mTeam Load (0.0ms)[0m   [0mSELECT * FROM "teams" WHERE ("teams"."id" = 2) [0m
Rendering template within layouts/teams
Rendering teams/show
Completed in 15ms (View: 5, DB: 0) | 200 OK [http://localhost/teams/2]


Processing TeamsController#index (for 127.0.0.1 at 2010-03-07 16:30:06) [GET]
  [4;36;1mTeam Load (1.0ms)[0m   [0;1mSELECT * FROM "teams" [0m
Rendering template within layouts/teams
Rendering teams/index
Completed in 29ms (View: 21, DB: 1) | 200 OK [http://localhost/teams]


Processing ApplicationController#index (for 127.0.0.1 at 2010-03-07 16:30:22) [GET]

ActionController::RoutingError (No route matches "/stampeder" with {:method=>:get}):
  C:/Ruby/lib/ruby/1.8/webrick/httpserver.rb:104:in `service'
  C:/Ruby/lib/ruby/1.8/webrick/httpserver.rb:65:in `run'
  C:/Ruby/lib/ruby/1.8/webrick/server.rb:173:in `start_thread'
  C:/Ruby/lib/ruby/1.8/webrick/server.rb:162:in `start'
  C:/Ruby/lib/ruby/1.8/webrick/server.rb:162:in `start_thread'
  C:/Ruby/lib/ruby/1.8/webrick/server.rb:95:in `start'
  C:/Ruby/lib/ruby/1.8/webrick/server.rb:92:in `each'
  C:/Ruby/lib/ruby/1.8/webrick/server.rb:92:in `start'
  C:/Ruby/lib/ruby/1.8/webrick/server.rb:23:in `start'
  C:/Ruby/lib/ruby/1.8/webrick/server.rb:82:in `start'

Rendering rescues/layout (not_found)


Processing StampedersController#index (for 127.0.0.1 at 2010-03-07 16:30:25) [GET]
  [4;35;1mStampeder Load (1.0ms)[0m   [0mSELECT * FROM "stampeders" [0m
Rendering template within layouts/stampeders
Rendering stampeders/index
Completed in 20ms (View: 11, DB: 1) | 200 OK [http://localhost/stampeders]


Processing StampedersController#show (for 127.0.0.1 at 2010-03-07 16:30:29) [GET]
  Parameters: {"id"=>"1"}
  [4;36;1mStampeder Load (1.0ms)[0m   [0;1mSELECT * FROM "stampeders" WHERE ("stampeders"."id" = 1) [0m
Rendering template within layouts/stampeders
Rendering stampeders/show

ActionView::TemplateError (undefined method `name' for nil:NilClass) on line #13 of app/views/stampeders/show.html.erb:
10: 
11: <p>
12:   <b>Team:</b>
13:   <%= @stampeder.team.name %>
14: </p>
15: 
16: <p>

    app/views/stampeders/show.html.erb:13
    app/controllers/stampeders_controller.rb:18:in `show'
    C:/Ruby/lib/ruby/1.8/webrick/httpserver.rb:104:in `service'
    C:/Ruby/lib/ruby/1.8/webrick/httpserver.rb:65:in `run'
    C:/Ruby/lib/ruby/1.8/webrick/server.rb:173:in `start_thread'
    C:/Ruby/lib/ruby/1.8/webrick/server.rb:162:in `start'
    C:/Ruby/lib/ruby/1.8/webrick/server.rb:162:in `start_thread'
    C:/Ruby/lib/ruby/1.8/webrick/server.rb:95:in `start'
    C:/Ruby/lib/ruby/1.8/webrick/server.rb:92:in `each'
    C:/Ruby/lib/ruby/1.8/webrick/server.rb:92:in `start'
    C:/Ruby/lib/ruby/1.8/webrick/server.rb:23:in `start'
    C:/Ruby/lib/ruby/1.8/webrick/server.rb:82:in `start'

Rendered rescues/_trace (64.0ms)
Rendered rescues/_request_and_response (0.0ms)
Rendering rescues/layout (internal_server_error)
  [4;36;1mTeam Load (1.0ms)[0m   [0;1mSELECT * FROM "teams" [0m
  [4;35;1mStampeder Load (1.0ms)[0m   [0mSELECT * FROM "stampeders" [0m
  [4;36;1mStampeder Load (1.0ms)[0m   [0;1mSELECT * FROM "stampeders" WHERE ("stampeders"."id" = 1) LIMIT 1[0m
  [4;35;1mStampeder Load (0.0ms)[0m   [0mSELECT * FROM "stampeders" WHERE ("stampeders"."id" = 1) LIMIT 1[0m
  [4;36;1mStampeder Update (2.0ms)[0m   [0;1mUPDATE "stampeders" SET "team_id" = 2, "updated_at" = '2010-03-07 22:34:00' WHERE "id" = 1[0m


Processing StampedersController#index (for 127.0.0.1 at 2010-03-07 16:34:23) [GET]
  [4;36;1mStampeder Load (1.0ms)[0m   [0;1mSELECT * FROM "stampeders" [0m
Rendering template within layouts/stampeders
Rendering stampeders/index
Completed in 93ms (View: 70, DB: 1) | 200 OK [http://localhost/stampeders]


Processing StampedersController#show (for 127.0.0.1 at 2010-03-07 16:34:47) [GET]
  Parameters: {"id"=>"1"}
  [4;35;1mStampeder Load (2.0ms)[0m   [0mSELECT * FROM "stampeders" WHERE ("stampeders"."id" = 1) [0m
Rendering template within layouts/stampeders
Rendering stampeders/show
  [4;36;1mTeam Load (0.0ms)[0m   [0;1mSELECT * FROM "teams" WHERE ("teams"."id" = 2) [0m
Completed in 113ms (View: 47, DB: 2) | 200 OK [http://localhost/stampeders/1]


Processing StampedersController#index (for 127.0.0.1 at 2010-03-07 16:36:08) [GET]
  [4;35;1mStampeder Load (1.0ms)[0m   [0mSELECT * FROM "stampeders" [0m
Rendering template within layouts/stampeders
Rendering stampeders/index
  [4;36;1mTeam Load (1.0ms)[0m   [0;1mSELECT * FROM "teams" WHERE ("teams"."id" = 2) [0m
Completed in 39ms (View: 28, DB: 2) | 200 OK [http://localhost/stampeders]


Processing StampedersController#edit (for 127.0.0.1 at 2010-03-07 16:42:04) [GET]
  Parameters: {"id"=>"1"}
  [4;35;1mTeam Load (1.0ms)[0m   [0mSELECT * FROM "teams" [0m
  [4;36;1mStampeder Load (1.0ms)[0m   [0;1mSELECT * FROM "stampeders" WHERE ("stampeders"."id" = 1) [0m
Rendering template within layouts/stampeders
Rendering stampeders/edit

ActionView::TemplateError (undefined method `merge' for [["Red", 1], ["Green", 2], ["Blue", 3], ["Yellow", 4]]:Array) on line #16 of app/views/stampeders/edit.html.erb:
13:   </p>
14:   <p>
15:     <%= f.label :team_id %><br />
16:     <%= f.select 'stampeder', 'team_id', @teams.collect {|t| [t.name, t.id]} %>
17:   </p>
18:   <p>
19:     <%= f.label :barcode %><br />

    app/views/stampeders/edit.html.erb:16
    app/views/stampeders/edit.html.erb:3
    C:/Ruby/lib/ruby/1.8/webrick/httpserver.rb:104:in `service'
    C:/Ruby/lib/ruby/1.8/webrick/httpserver.rb:65:in `run'
    C:/Ruby/lib/ruby/1.8/webrick/server.rb:173:in `start_thread'
    C:/Ruby/lib/ruby/1.8/webrick/server.rb:162:in `start'
    C:/Ruby/lib/ruby/1.8/webrick/server.rb:162:in `start_thread'
    C:/Ruby/lib/ruby/1.8/webrick/server.rb:95:in `start'
    C:/Ruby/lib/ruby/1.8/webrick/server.rb:92:in `each'
    C:/Ruby/lib/ruby/1.8/webrick/server.rb:92:in `start'
    C:/Ruby/lib/ruby/1.8/webrick/server.rb:23:in `start'
    C:/Ruby/lib/ruby/1.8/webrick/server.rb:82:in `start'

Rendered rescues/_trace (63.0ms)
Rendered rescues/_request_and_response (3.0ms)
Rendering rescues/layout (internal_server_error)


Processing StampedersController#index (for 127.0.0.1 at 2010-03-07 16:42:49) [GET]
  [4;35;1mStampeder Load (0.0ms)[0m   [0mSELECT * FROM "stampeders" [0m
Rendering template within layouts/stampeders
Rendering stampeders/index
  [4;36;1mTeam Load (1.0ms)[0m   [0;1mSELECT * FROM "teams" WHERE ("teams"."id" = 2) [0m
Completed in 30ms (View: 20, DB: 1) | 200 OK [http://localhost/stampeders]


Processing StampedersController#edit (for 127.0.0.1 at 2010-03-07 16:42:55) [GET]
  Parameters: {"id"=>"1"}
  [4;35;1mTeam Load (1.0ms)[0m   [0mSELECT * FROM "teams" [0m
  [4;36;1mStampeder Load (1.0ms)[0m   [0;1mSELECT * FROM "stampeders" WHERE ("stampeders"."id" = 1) [0m
Rendering template within layouts/stampeders
Rendering stampeders/edit
Completed in 44ms (View: 27, DB: 2) | 200 OK [http://localhost/stampeders/1/edit]


Processing StampedersController#update (for 127.0.0.1 at 2010-03-07 16:43:04) [PUT]
  Parameters: {"commit"=>"Update", "authenticity_token"=>"mbj7v27I6+DVCf9r7WdnwZqe9jpaRs8Aj9OBqNmsvKU=", "id"=>"1", "stampeder"=>{"city"=>"Fort Worth", "team_id"=>"1", "grade"=>"11", "barcode"=>"918272917", "gender"=>"0", "firstname"=>"Will", "lastname"=>"Cosgrove", "phone"=>"8175868669", "address"=>"7912 Vista Ridge Dr N", "state"=>"TX"}}
  [4;35;1mStampeder Load (0.0ms)[0m   [0mSELECT * FROM "stampeders" WHERE ("stampeders"."id" = 1) [0m
  [4;36;1mStampeder Update (2.0ms)[0m   [0;1mUPDATE "stampeders" SET "team_id" = 1, "updated_at" = '2010-03-07 22:43:04' WHERE "id" = 1[0m
Redirected to http://localhost:3000/stampeders/1
Completed in 176ms (DB: 2) | 302 Found [http://localhost/stampeders/1]


Processing StampedersController#show (for 127.0.0.1 at 2010-03-07 16:43:05) [GET]
  Parameters: {"id"=>"1"}
  [4;35;1mStampeder Load (1.0ms)[0m   [0mSELECT * FROM "stampeders" WHERE ("stampeders"."id" = 1) [0m
Rendering template within layouts/stampeders
Rendering stampeders/show
  [4;36;1mTeam Load (0.0ms)[0m   [0;1mSELECT * FROM "teams" WHERE ("teams"."id" = 1) [0m
Completed in 25ms (View: 14, DB: 1) | 200 OK [http://localhost/stampeders/1]


Processing StampedersController#index (for 127.0.0.1 at 2010-03-07 16:43:08) [GET]
  [4;35;1mStampeder Load (1.0ms)[0m   [0mSELECT * FROM "stampeders" [0m
Rendering template within layouts/stampeders
Rendering stampeders/index
  [4;36;1mTeam Load (1.0ms)[0m   [0;1mSELECT * FROM "teams" WHERE ("teams"."id" = 1) [0m
Completed in 29ms (View: 20, DB: 2) | 200 OK [http://localhost/stampeders]
  [4;36;1mStampeder Load (1.0ms)[0m   [0;1mSELECT * FROM "stampeders" WHERE ("stampeders"."id" = 1) LIMIT 1[0m
  [4;35;1mStampeder Update (2.0ms)[0m   [0mUPDATE "stampeders" SET "team_id" = 2, "updated_at" = '2010-03-07 22:44:04' WHERE "id" = 1[0m


Processing StampedersController#index (for 127.0.0.1 at 2010-03-07 16:44:20) [GET]
  [4;36;1mStampeder Load (1.0ms)[0m   [0;1mSELECT * FROM "stampeders" [0m
Rendering template within layouts/stampeders
Rendering stampeders/index
  [4;35;1mTeam Load (0.0ms)[0m   [0mSELECT * FROM "teams" WHERE ("teams"."id" = 2) [0m
Completed in 124ms (View: 99, DB: 1) | 200 OK [http://localhost/stampeders]


Processing StampedersController#new (for 127.0.0.1 at 2010-03-07 21:58:33) [GET]
Rendering template within layouts/stampeders
Rendering stampeders/new
Completed in 94ms (View: 68, DB: 0) | 200 OK [http://localhost/stampeders/new]


Processing StampedersController#new (for 127.0.0.1 at 2010-03-07 21:59:16) [GET]
Rendering template within layouts/stampeders
Rendering stampeders/new
Completed in 22ms (View: 11, DB: 0) | 200 OK [http://localhost/stampeders/new]


Processing StampedersController#new (for 127.0.0.1 at 2010-03-07 21:59:19) [GET]
Rendering template within layouts/stampeders
Rendering stampeders/new
Completed in 22ms (View: 13, DB: 0) | 200 OK [http://localhost/stampeders/new]


Processing StampedersController#new (for 127.0.0.1 at 2010-03-07 21:59:47) [GET]
Rendering template within layouts/stampeders
Rendering stampeders/new
Completed in 31ms (View: 20, DB: 0) | 200 OK [http://localhost/stampeders/new]


Processing StampedersController#new (for 127.0.0.1 at 2010-03-07 21:59:56) [GET]
Rendering template within layouts/stampeders
Rendering stampeders/new
Completed in 29ms (View: 20, DB: 0) | 200 OK [http://localhost/stampeders/new]
  [4;36;1mStampeder Load (1.0ms)[0m   [0;1mSELECT * FROM "stampeders" LIMIT 1[0m


Processing StampedersController#create (for 127.0.0.1 at 2010-03-07 22:02:09) [POST]
  Parameters: {"commit"=>"Create", "authenticity_token"=>"mbj7v27I6+DVCf9r7WdnwZqe9jpaRs8Aj9OBqNmsvKU=", "stampeder"=>{"city"=>"Fort Worth", "grade"=>"9", "barcode"=>"721231235", "gender"=>"1", "firstname"=>"Kim", "lastname"=>"Cosgrove", "phone"=>"8176371155", "address"=>"7912 Vista Ridge Dr N", "state"=>"TX"}}
  [4;36;1mStampeder Create (3.0ms)[0m   [0;1mINSERT INTO "stampeders" ("city", "team_id", "grade", "updated_at", "barcode", "lastname", "firstname", "gender", "phone", "address", "state", "created_at") VALUES('Fort Worth', NULL, 9, '2010-03-08 04:02:09', 721231235, 'Cosgrove', 'Kim', 1, 8176371155, '7912 Vista Ridge Dr N', 'TX', '2010-03-08 04:02:09')[0m
Redirected to http://localhost:3000/stampeders/2
Completed in 123ms (DB: 3) | 302 Found [http://localhost/stampeders]


Processing StampedersController#show (for 127.0.0.1 at 2010-03-07 22:02:10) [GET]
  Parameters: {"id"=>"2"}
  [4;35;1mStampeder Load (1.0ms)[0m   [0mSELECT * FROM "stampeders" WHERE ("stampeders"."id" = 2) [0m
Rendering template within layouts/stampeders
Rendering stampeders/show

ActionView::TemplateError (undefined method `name' for nil:NilClass) on line #13 of app/views/stampeders/show.html.erb:
10: 
11: <p>
12:   <b>Team:</b>
13:   <%= @stampeder.team.name %>
14: </p>
15: 
16: <p>

    app/views/stampeders/show.html.erb:13
    app/controllers/stampeders_controller.rb:18:in `show'
    C:/Ruby/lib/ruby/1.8/webrick/httpserver.rb:104:in `service'
    C:/Ruby/lib/ruby/1.8/webrick/httpserver.rb:65:in `run'
    C:/Ruby/lib/ruby/1.8/webrick/server.rb:173:in `start_thread'
    C:/Ruby/lib/ruby/1.8/webrick/server.rb:162:in `start'
    C:/Ruby/lib/ruby/1.8/webrick/server.rb:162:in `start_thread'
    C:/Ruby/lib/ruby/1.8/webrick/server.rb:95:in `start'
    C:/Ruby/lib/ruby/1.8/webrick/server.rb:92:in `each'
    C:/Ruby/lib/ruby/1.8/webrick/server.rb:92:in `start'
    C:/Ruby/lib/ruby/1.8/webrick/server.rb:23:in `start'
    C:/Ruby/lib/ruby/1.8/webrick/server.rb:82:in `start'

Rendered rescues/_trace (153.0ms)
Rendered rescues/_request_and_response (3.0ms)
Rendering rescues/layout (internal_server_error)


Processing StampedersController#new (for 127.0.0.1 at 2010-03-07 22:03:36) [GET]
Rendering template within layouts/stampeders
Rendering stampeders/new

ActionView::TemplateError (You have a nil object when you didn't expect it!
You might have expected an instance of Array.
The error occurred while evaluating nil.collect) on line #16 of app/views/stampeders/new.html.erb:
13:   </p>
14:   <p>
15:     <%= f.label :team %><br />
16:     <%= f.select :team_id, @teams.collect {|t| [t.name, t.id]} %>
17:   </p>
18:   <p>
19:     <%= f.label :barcode %><br />

    app/views/stampeders/new.html.erb:16
    app/views/stampeders/new.html.erb:3
    app/controllers/stampeders_controller.rb:29:in `new'
    C:/Ruby/lib/ruby/1.8/webrick/httpserver.rb:104:in `service'
    C:/Ruby/lib/ruby/1.8/webrick/httpserver.rb:65:in `run'
    C:/Ruby/lib/ruby/1.8/webrick/server.rb:173:in `start_thread'
    C:/Ruby/lib/ruby/1.8/webrick/server.rb:162:in `start'
    C:/Ruby/lib/ruby/1.8/webrick/server.rb:162:in `start_thread'
    C:/Ruby/lib/ruby/1.8/webrick/server.rb:95:in `start'
    C:/Ruby/lib/ruby/1.8/webrick/server.rb:92:in `each'
    C:/Ruby/lib/ruby/1.8/webrick/server.rb:92:in `start'
    C:/Ruby/lib/ruby/1.8/webrick/server.rb:23:in `start'
    C:/Ruby/lib/ruby/1.8/webrick/server.rb:82:in `start'

Rendered rescues/_trace (67.0ms)
Rendered rescues/_request_and_response (1.0ms)
Rendering rescues/layout (internal_server_error)


Processing StampedersController#new (for 127.0.0.1 at 2010-03-07 22:04:10) [GET]
Rendering template within layouts/stampeders
Rendering stampeders/new

ActionView::TemplateError (You have a nil object when you didn't expect it!
You might have expected an instance of Array.
The error occurred while evaluating nil.collect) on line #16 of app/views/stampeders/new.html.erb:
13:   </p>
14:   <p>
15:     <%= f.label :team %><br />
16:     <%= f.select @teams.collect {|t| [t.name, t.id]} %>
17:   </p>
18:   <p>
19:     <%= f.label :barcode %><br />

    app/views/stampeders/new.html.erb:16
    app/views/stampeders/new.html.erb:3
    app/controllers/stampeders_controller.rb:29:in `new'
    C:/Ruby/lib/ruby/1.8/webrick/httpserver.rb:104:in `service'
    C:/Ruby/lib/ruby/1.8/webrick/httpserver.rb:65:in `run'
    C:/Ruby/lib/ruby/1.8/webrick/server.rb:173:in `start_thread'
    C:/Ruby/lib/ruby/1.8/webrick/server.rb:162:in `start'
    C:/Ruby/lib/ruby/1.8/webrick/server.rb:162:in `start_thread'
    C:/Ruby/lib/ruby/1.8/webrick/server.rb:95:in `start'
    C:/Ruby/lib/ruby/1.8/webrick/server.rb:92:in `each'
    C:/Ruby/lib/ruby/1.8/webrick/server.rb:92:in `start'
    C:/Ruby/lib/ruby/1.8/webrick/server.rb:23:in `start'
    C:/Ruby/lib/ruby/1.8/webrick/server.rb:82:in `start'

Rendered rescues/_trace (134.0ms)
Rendered rescues/_request_and_response (0.0ms)
Rendering rescues/layout (internal_server_error)


Processing StampedersController#new (for 127.0.0.1 at 2010-03-07 22:04:16) [GET]
Rendering template within layouts/stampeders
Rendering stampeders/new

ActionView::TemplateError (You have a nil object when you didn't expect it!
You might have expected an instance of Array.
The error occurred while evaluating nil.collect) on line #16 of app/views/stampeders/new.html.erb:
13:   </p>
14:   <p>
15:     <%= f.label :team %><br />
16:     <%= f.select @teams.collect {|t| [t.name, t.id]} %>
17:   </p>
18:   <p>
19:     <%= f.label :barcode %><br />

    app/views/stampeders/new.html.erb:16
    app/views/stampeders/new.html.erb:3
    app/controllers/stampeders_controller.rb:29:in `new'
    C:/Ruby/lib/ruby/1.8/webrick/httpserver.rb:104:in `service'
    C:/Ruby/lib/ruby/1.8/webrick/httpserver.rb:65:in `run'
    C:/Ruby/lib/ruby/1.8/webrick/server.rb:173:in `start_thread'
    C:/Ruby/lib/ruby/1.8/webrick/server.rb:162:in `start'
    C:/Ruby/lib/ruby/1.8/webrick/server.rb:162:in `start_thread'
    C:/Ruby/lib/ruby/1.8/webrick/server.rb:95:in `start'
    C:/Ruby/lib/ruby/1.8/webrick/server.rb:92:in `each'
    C:/Ruby/lib/ruby/1.8/webrick/server.rb:92:in `start'
    C:/Ruby/lib/ruby/1.8/webrick/server.rb:23:in `start'
    C:/Ruby/lib/ruby/1.8/webrick/server.rb:82:in `start'

Rendered rescues/_trace (68.0ms)
Rendered rescues/_request_and_response (0.0ms)
Rendering rescues/layout (internal_server_error)


Processing StampedersController#new (for 127.0.0.1 at 2010-03-07 22:09:38) [GET]
  [4;36;1mTeam Load (1.0ms)[0m   [0;1mSELECT * FROM "teams" [0m
Rendering template within layouts/stampeders
Rendering stampeders/new

ActionView::TemplateError (wrong number of arguments (1 for 2)) on line #16 of app/views/stampeders/new.html.erb:
13:   </p>
14:   <p>
15:     <%= f.label :team %><br />
16:     <%= f.select options_for_select(@teams.collect {|t| [t.name, t.id]}) %>
17:   </p>
18:   <p>
19:     <%= f.label :barcode %><br />

    app/views/stampeders/new.html.erb:16:in `select'
    app/views/stampeders/new.html.erb:16
    app/views/stampeders/new.html.erb:3
    app/controllers/stampeders_controller.rb:30:in `new'
    C:/Ruby/lib/ruby/1.8/webrick/httpserver.rb:104:in `service'
    C:/Ruby/lib/ruby/1.8/webrick/httpserver.rb:65:in `run'
    C:/Ruby/lib/ruby/1.8/webrick/server.rb:173:in `start_thread'
    C:/Ruby/lib/ruby/1.8/webrick/server.rb:162:in `start'
    C:/Ruby/lib/ruby/1.8/webrick/server.rb:162:in `start_thread'
    C:/Ruby/lib/ruby/1.8/webrick/server.rb:95:in `start'
    C:/Ruby/lib/ruby/1.8/webrick/server.rb:92:in `each'
    C:/Ruby/lib/ruby/1.8/webrick/server.rb:92:in `start'
    C:/Ruby/lib/ruby/1.8/webrick/server.rb:23:in `start'
    C:/Ruby/lib/ruby/1.8/webrick/server.rb:82:in `start'

Rendered rescues/_trace (143.0ms)
Rendered rescues/_request_and_response (0.0ms)
Rendering rescues/layout (internal_server_error)


Processing StampedersController#new (for 127.0.0.1 at 2010-03-07 22:09:40) [GET]
  [4;35;1mTeam Load (1.0ms)[0m   [0mSELECT * FROM "teams" [0m
Rendering template within layouts/stampeders
Rendering stampeders/new

ActionView::TemplateError (wrong number of arguments (1 for 2)) on line #16 of app/views/stampeders/new.html.erb:
13:   </p>
14:   <p>
15:     <%= f.label :team %><br />
16:     <%= f.select options_for_select(@teams.collect {|t| [t.name, t.id]}) %>
17:   </p>
18:   <p>
19:     <%= f.label :barcode %><br />

    app/views/stampeders/new.html.erb:16:in `select'
    app/views/stampeders/new.html.erb:16
    app/views/stampeders/new.html.erb:3
    app/controllers/stampeders_controller.rb:30:in `new'
    C:/Ruby/lib/ruby/1.8/webrick/httpserver.rb:104:in `service'
    C:/Ruby/lib/ruby/1.8/webrick/httpserver.rb:65:in `run'
    C:/Ruby/lib/ruby/1.8/webrick/server.rb:173:in `start_thread'
    C:/Ruby/lib/ruby/1.8/webrick/server.rb:162:in `start'
    C:/Ruby/lib/ruby/1.8/webrick/server.rb:162:in `start_thread'
    C:/Ruby/lib/ruby/1.8/webrick/server.rb:95:in `start'
    C:/Ruby/lib/ruby/1.8/webrick/server.rb:92:in `each'
    C:/Ruby/lib/ruby/1.8/webrick/server.rb:92:in `start'
    C:/Ruby/lib/ruby/1.8/webrick/server.rb:23:in `start'
    C:/Ruby/lib/ruby/1.8/webrick/server.rb:82:in `start'

Rendered rescues/_trace (70.0ms)
Rendered rescues/_request_and_response (1.0ms)
Rendering rescues/layout (internal_server_error)


Processing StampedersController#new (for 127.0.0.1 at 2010-03-07 22:09:56) [GET]
  [4;36;1mTeam Load (2.0ms)[0m   [0;1mSELECT * FROM "teams" [0m
Rendering template within layouts/stampeders
Rendering stampeders/new
Completed in 43ms (View: 25, DB: 2) | 200 OK [http://localhost/stampeders/new]


Processing StampedersController#index (for 127.0.0.1 at 2010-03-07 22:10:02) [GET]
  [4;35;1mStampeder Load (2.0ms)[0m   [0mSELECT * FROM "stampeders" [0m
Rendering template within layouts/stampeders
Rendering stampeders/index
  [4;36;1mTeam Load (0.0ms)[0m   [0;1mSELECT * FROM "teams" WHERE ("teams"."id" = 2) [0m

ActionView::TemplateError (undefined method `name' for nil:NilClass) on line #21 of app/views/stampeders/index.html.erb:
18:   <tr>
19:     <td><%=h stampeder.lastname %></td>
20:     <td><%=h stampeder.firstname %></td>
21:     <td><%=h stampeder.team.name %></td>
22:     <td><%=h stampeder.barcode %></td>
23:     <td><%=h stampeder.phone %></td>
24:     <td><%=h stampeder.address %></td>

    app/views/stampeders/index.html.erb:21
    app/views/stampeders/index.html.erb:17:in `each'
    app/views/stampeders/index.html.erb:17
    app/controllers/stampeders_controller.rb:7:in `index'
    C:/Ruby/lib/ruby/1.8/webrick/httpserver.rb:104:in `service'
    C:/Ruby/lib/ruby/1.8/webrick/httpserver.rb:65:in `run'
    C:/Ruby/lib/ruby/1.8/webrick/server.rb:173:in `start_thread'
    C:/Ruby/lib/ruby/1.8/webrick/server.rb:162:in `start'
    C:/Ruby/lib/ruby/1.8/webrick/server.rb:162:in `start_thread'
    C:/Ruby/lib/ruby/1.8/webrick/server.rb:95:in `start'
    C:/Ruby/lib/ruby/1.8/webrick/server.rb:92:in `each'
    C:/Ruby/lib/ruby/1.8/webrick/server.rb:92:in `start'
    C:/Ruby/lib/ruby/1.8/webrick/server.rb:23:in `start'
    C:/Ruby/lib/ruby/1.8/webrick/server.rb:82:in `start'

Rendered rescues/_trace (69.0ms)
Rendered rescues/_request_and_response (1.0ms)
Rendering rescues/layout (internal_server_error)


Processing StampedersController#index (for 127.0.0.1 at 2010-03-07 22:10:04) [GET]
  [4;35;1mStampeder Load (1.0ms)[0m   [0mSELECT * FROM "stampeders" [0m
Rendering template within layouts/stampeders
Rendering stampeders/index
  [4;36;1mTeam Load (1.0ms)[0m   [0;1mSELECT * FROM "teams" WHERE ("teams"."id" = 2) [0m

ActionView::TemplateError (undefined method `name' for nil:NilClass) on line #21 of app/views/stampeders/index.html.erb:
18:   <tr>
19:     <td><%=h stampeder.lastname %></td>
20:     <td><%=h stampeder.firstname %></td>
21:     <td><%=h stampeder.team.name %></td>
22:     <td><%=h stampeder.barcode %></td>
23:     <td><%=h stampeder.phone %></td>
24:     <td><%=h stampeder.address %></td>

    app/views/stampeders/index.html.erb:21
    app/views/stampeders/index.html.erb:17:in `each'
    app/views/stampeders/index.html.erb:17
    app/controllers/stampeders_controller.rb:7:in `index'
    C:/Ruby/lib/ruby/1.8/webrick/httpserver.rb:104:in `service'
    C:/Ruby/lib/ruby/1.8/webrick/httpserver.rb:65:in `run'
    C:/Ruby/lib/ruby/1.8/webrick/server.rb:173:in `start_thread'
    C:/Ruby/lib/ruby/1.8/webrick/server.rb:162:in `start'
    C:/Ruby/lib/ruby/1.8/webrick/server.rb:162:in `start_thread'
    C:/Ruby/lib/ruby/1.8/webrick/server.rb:95:in `start'
    C:/Ruby/lib/ruby/1.8/webrick/server.rb:92:in `each'
    C:/Ruby/lib/ruby/1.8/webrick/server.rb:92:in `start'
    C:/Ruby/lib/ruby/1.8/webrick/server.rb:23:in `start'
    C:/Ruby/lib/ruby/1.8/webrick/server.rb:82:in `start'

Rendered rescues/_trace (148.0ms)
Rendered rescues/_request_and_response (1.0ms)
Rendering rescues/layout (internal_server_error)


Processing StampedersController#show (for 127.0.0.1 at 2010-03-07 22:10:31) [GET]
  Parameters: {"id"=>"2"}
  [4;35;1mStampeder Load (0.0ms)[0m   [0mSELECT * FROM "stampeders" WHERE ("stampeders"."id" = 2) [0m
Rendering template within layouts/stampeders
Rendering stampeders/show

ActionView::TemplateError (undefined method `name' for nil:NilClass) on line #13 of app/views/stampeders/show.html.erb:
10: 
11: <p>
12:   <b>Team:</b>
13:   <%= @stampeder.team.name %>
14: </p>
15: 
16: <p>

    app/views/stampeders/show.html.erb:13
    app/controllers/stampeders_controller.rb:18:in `show'
    C:/Ruby/lib/ruby/1.8/webrick/httpserver.rb:104:in `service'
    C:/Ruby/lib/ruby/1.8/webrick/httpserver.rb:65:in `run'
    C:/Ruby/lib/ruby/1.8/webrick/server.rb:173:in `start_thread'
    C:/Ruby/lib/ruby/1.8/webrick/server.rb:162:in `start'
    C:/Ruby/lib/ruby/1.8/webrick/server.rb:162:in `start_thread'
    C:/Ruby/lib/ruby/1.8/webrick/server.rb:95:in `start'
    C:/Ruby/lib/ruby/1.8/webrick/server.rb:92:in `each'
    C:/Ruby/lib/ruby/1.8/webrick/server.rb:92:in `start'
    C:/Ruby/lib/ruby/1.8/webrick/server.rb:23:in `start'
    C:/Ruby/lib/ruby/1.8/webrick/server.rb:82:in `start'

Rendered rescues/_trace (66.0ms)
Rendered rescues/_request_and_response (0.0ms)
Rendering rescues/layout (internal_server_error)


Processing StampedersController#edit (for 127.0.0.1 at 2010-03-07 22:10:40) [GET]
  Parameters: {"id"=>"2"}
  [4;36;1mTeam Load (2.0ms)[0m   [0;1mSELECT * FROM "teams" [0m
  [4;35;1mStampeder Load (1.0ms)[0m   [0mSELECT * FROM "stampeders" WHERE ("stampeders"."id" = 2) [0m
Rendering template within layouts/stampeders
Rendering stampeders/edit
Completed in 48ms (View: 28, DB: 3) | 200 OK [http://localhost/stampeders/edit/2]


Processing StampedersController#update (for 127.0.0.1 at 2010-03-07 22:10:45) [PUT]
  Parameters: {"commit"=>"Update", "authenticity_token"=>"mbj7v27I6+DVCf9r7WdnwZqe9jpaRs8Aj9OBqNmsvKU=", "id"=>"2", "stampeder"=>{"city"=>"Fort Worth", "team_id"=>"2", "grade"=>"9", "barcode"=>"721231235", "gender"=>"1", "firstname"=>"Kim", "lastname"=>"Cosgrove", "phone"=>"8176371155", "address"=>"7912 Vista Ridge Dr N", "state"=>"TX"}}
  [4;36;1mStampeder Load (0.0ms)[0m   [0;1mSELECT * FROM "stampeders" WHERE ("stampeders"."id" = 2) [0m
  [4;35;1mStampeder Update (3.0ms)[0m   [0mUPDATE "stampeders" SET "team_id" = 2, "updated_at" = '2010-03-08 04:10:45' WHERE "id" = 2[0m
Redirected to http://localhost:3000/stampeders/2
Completed in 197ms (DB: 3) | 302 Found [http://localhost/stampeders/2]


Processing StampedersController#show (for 127.0.0.1 at 2010-03-07 22:10:46) [GET]
  Parameters: {"id"=>"2"}
  [4;36;1mStampeder Load (1.0ms)[0m   [0;1mSELECT * FROM "stampeders" WHERE ("stampeders"."id" = 2) [0m
Rendering template within layouts/stampeders
Rendering stampeders/show
  [4;35;1mTeam Load (1.0ms)[0m   [0mSELECT * FROM "teams" WHERE ("teams"."id" = 2) [0m
Completed in 29ms (View: 16, DB: 2) | 200 OK [http://localhost/stampeders/2]


Processing StampedersController#index (for 127.0.0.1 at 2010-03-07 22:10:48) [GET]
  [4;36;1mStampeder Load (1.0ms)[0m   [0;1mSELECT * FROM "stampeders" [0m
Rendering template within layouts/stampeders
Rendering stampeders/index
  [4;35;1mTeam Load (0.0ms)[0m   [0mSELECT * FROM "teams" WHERE ("teams"."id" = 2) [0m
  [4;36;1mCACHE (0.0ms)[0m   [0;1mSELECT * FROM "teams" WHERE ("teams"."id" = 2) [0m
Completed in 36ms (View: 27, DB: 1) | 200 OK [http://localhost/stampeders]


Processing StampedersController#edit (for 127.0.0.1 at 2010-03-07 22:10:51) [GET]
  Parameters: {"id"=>"2"}
  [4;35;1mTeam Load (1.0ms)[0m   [0mSELECT * FROM "teams" [0m
  [4;36;1mStampeder Load (0.0ms)[0m   [0;1mSELECT * FROM "stampeders" WHERE ("stampeders"."id" = 2) [0m
Rendering template within layouts/stampeders
Rendering stampeders/edit
Completed in 35ms (View: 18, DB: 1) | 200 OK [http://localhost/stampeders/2/edit]


Processing StampedersController#update (for 127.0.0.1 at 2010-03-07 22:10:55) [PUT]
  Parameters: {"commit"=>"Update", "authenticity_token"=>"mbj7v27I6+DVCf9r7WdnwZqe9jpaRs8Aj9OBqNmsvKU=", "id"=>"2", "stampeder"=>{"city"=>"Fort Worth", "team_id"=>"1", "grade"=>"9", "barcode"=>"721231235", "gender"=>"1", "firstname"=>"Kim", "lastname"=>"Cosgrove", "phone"=>"8176371155", "address"=>"7912 Vista Ridge Dr N", "state"=>"TX"}}
  [4;35;1mStampeder Load (0.0ms)[0m   [0mSELECT * FROM "stampeders" WHERE ("stampeders"."id" = 2) [0m
  [4;36;1mStampeder Update (2.0ms)[0m   [0;1mUPDATE "stampeders" SET "team_id" = 1, "updated_at" = '2010-03-08 04:10:55' WHERE "id" = 2[0m
Redirected to http://localhost:3000/stampeders/2
Completed in 200ms (DB: 2) | 302 Found [http://localhost/stampeders/2]


Processing StampedersController#show (for 127.0.0.1 at 2010-03-07 22:10:56) [GET]
  Parameters: {"id"=>"2"}
  [4;35;1mStampeder Load (1.0ms)[0m   [0mSELECT * FROM "stampeders" WHERE ("stampeders"."id" = 2) [0m
Rendering template within layouts/stampeders
Rendering stampeders/show
  [4;36;1mTeam Load (1.0ms)[0m   [0;1mSELECT * FROM "teams" WHERE ("teams"."id" = 1) [0m
Completed in 29ms (View: 17, DB: 2) | 200 OK [http://localhost/stampeders/2]


Processing StampedersController#index (for 127.0.0.1 at 2010-03-07 22:10:57) [GET]
  [4;35;1mStampeder Load (1.0ms)[0m   [0mSELECT * FROM "stampeders" [0m
Rendering template within layouts/stampeders
Rendering stampeders/index
  [4;36;1mTeam Load (0.0ms)[0m   [0;1mSELECT * FROM "teams" WHERE ("teams"."id" = 2) [0m
  [4;35;1mTeam Load (0.0ms)[0m   [0mSELECT * FROM "teams" WHERE ("teams"."id" = 1) [0m
Completed in 35ms (View: 26, DB: 1) | 200 OK [http://localhost/stampeders]


Processing StampedersController#index (for 127.0.0.1 at 2010-03-07 22:12:37) [GET]
  [4;36;1mStampeder Load (1.0ms)[0m   [0;1mSELECT * FROM "stampeders" [0m
Rendering template within layouts/stampeders
Rendering stampeders/index
  [4;35;1mTeam Load (1.0ms)[0m   [0mSELECT * FROM "teams" WHERE ("teams"."id" = 2) [0m
  [4;36;1mTeam Load (1.0ms)[0m   [0;1mSELECT * FROM "teams" WHERE ("teams"."id" = 1) [0m
Completed in 36ms (View: 25, DB: 3) | 200 OK [http://localhost/stampeders]


Processing StampedersController#new (for 127.0.0.1 at 2010-03-07 22:12:41) [GET]
  [4;35;1mTeam Load (1.0ms)[0m   [0mSELECT * FROM "teams" [0m
Rendering template within layouts/stampeders
Rendering stampeders/new
Completed in 42ms (View: 25, DB: 1) | 200 OK [http://localhost/stampeders/new]


Processing StampedersController#create (for 127.0.0.1 at 2010-03-07 22:17:12) [POST]
  Parameters: {"commit"=>"Create", "authenticity_token"=>"mbj7v27I6+DVCf9r7WdnwZqe9jpaRs8Aj9OBqNmsvKU=", "stampeder"=>{"city"=>"Fort Worth", "team_id"=>"3", "grade"=>"6", "barcode"=>"574324176", "gender"=>"0", "firstname"=>"Ray", "lastname"=>"Cosgrove", "phone"=>"8176371145", "address"=>"7912 Vista Ridge Dr N", "state"=>"TX"}}
Rendering template within layouts/stampeders
Rendering stampeders/new

ActionView::TemplateError (You have a nil object when you didn't expect it!
You might have expected an instance of Array.
The error occurred while evaluating nil.collect) on line #16 of app/views/stampeders/new.html.erb:
13:   </p>
14:   <p>
15:     <%= f.label :team %><br />
16:     <%= f.select :team_id, [['select a team', '']]+@teams.collect {|t| [t.name, t.id]} %>
17:   </p>
18:   <p>
19:     <%= f.label :barcode %><br />

    app/views/stampeders/new.html.erb:16
    app/views/stampeders/new.html.erb:3
    app/controllers/stampeders_controller.rb:53:in `create'
    app/controllers/stampeders_controller.rb:47:in `create'
    C:/Ruby/lib/ruby/1.8/webrick/httpserver.rb:104:in `service'
    C:/Ruby/lib/ruby/1.8/webrick/httpserver.rb:65:in `run'
    C:/Ruby/lib/ruby/1.8/webrick/server.rb:173:in `start_thread'
    C:/Ruby/lib/ruby/1.8/webrick/server.rb:162:in `start'
    C:/Ruby/lib/ruby/1.8/webrick/server.rb:162:in `start_thread'
    C:/Ruby/lib/ruby/1.8/webrick/server.rb:95:in `start'
    C:/Ruby/lib/ruby/1.8/webrick/server.rb:92:in `each'
    C:/Ruby/lib/ruby/1.8/webrick/server.rb:92:in `start'
    C:/Ruby/lib/ruby/1.8/webrick/server.rb:23:in `start'
    C:/Ruby/lib/ruby/1.8/webrick/server.rb:82:in `start'

Rendered rescues/_trace (69.0ms)
Rendered rescues/_request_and_response (2.0ms)
Rendering rescues/layout (internal_server_error)


Processing StampedersController#create (for 127.0.0.1 at 2010-03-07 22:18:32) [POST]
  Parameters: {"commit"=>"Create", "authenticity_token"=>"mbj7v27I6+DVCf9r7WdnwZqe9jpaRs8Aj9OBqNmsvKU=", "stampeder"=>{"city"=>"Fort Worth", "team_id"=>"3", "grade"=>"6", "barcode"=>"574324176", "gender"=>"0", "firstname"=>"Ray", "lastname"=>"Cosgrove", "phone"=>"8176371145", "address"=>"7912 Vista Ridge Dr N", "state"=>"TX"}}
  [4;36;1mTeam Load (1.0ms)[0m   [0;1mSELECT * FROM "teams" [0m
Rendering template within layouts/stampeders
Rendering stampeders/new
Completed in 75ms (View: 29, DB: 1) | 200 OK [http://localhost/stampeders]


Processing StampedersController#create (for 127.0.0.1 at 2010-03-07 22:19:57) [POST]
  Parameters: {"commit"=>"Create", "authenticity_token"=>"mbj7v27I6+DVCf9r7WdnwZqe9jpaRs8Aj9OBqNmsvKU=", "stampeder"=>{"city"=>"Fort Worth", "team_id"=>"3", "grade"=>"6", "barcode"=>"574324176", "gender"=>"0", "firstname"=>"Ray", "lastname"=>"Cosgrove", "phone"=>"8176371145", "address"=>"7912 Vista Ridge Dr N", "state"=>"TX"}}
  [4;35;1mTeam Load (2.0ms)[0m   [0mSELECT * FROM "teams" [0m
Rendering template within layouts/stampeders
Rendering stampeders/new
Completed in 53ms (View: 28, DB: 2) | 200 OK [http://localhost/stampeders]


Processing StampedersController#create (for 127.0.0.1 at 2010-03-07 22:34:17) [POST]
  Parameters: {"commit"=>"Create", "authenticity_token"=>"mbj7v27I6+DVCf9r7WdnwZqe9jpaRs8Aj9OBqNmsvKU=", "stampeder"=>{"city"=>"Fort Worth", "team_id"=>"3", "grade"=>"6", "barcode"=>"574324176", "gender"=>"0", "firstname"=>"Ray", "lastname"=>"Cosgrove", "phone"=>"8176371145", "address"=>"7912 Vista Ridge Dr N", "state"=>"TX"}}
  [4;36;1mTeam Load (1.0ms)[0m   [0;1mSELECT * FROM "teams" [0m
Rendering template within layouts/stampeders
Rendering stampeders/new
Completed in 60ms (View: 29, DB: 1) | 200 OK [http://localhost/stampeders]


Processing StampedersController#create (for 127.0.0.1 at 2010-03-07 22:34:36) [POST]
  Parameters: {"commit"=>"Create", "authenticity_token"=>"mbj7v27I6+DVCf9r7WdnwZqe9jpaRs8Aj9OBqNmsvKU=", "stampeder"=>{"city"=>"Fort Worth", "team_id"=>"3", "grade"=>"6", "barcode"=>"574324176", "gender"=>"0", "firstname"=>"Ray", "lastname"=>"Cosgrove", "phone"=>"8176371145", "address"=>"7912 Vista Ridge Dr N", "state"=>"TX"}}
  [4;36;1mTeam Load (1.0ms)[0m   [0;1mSELECT * FROM "teams" [0m
Rendering template within layouts/stampeders
Rendering stampeders/new
Completed in 217ms (View: 148, DB: 1) | 200 OK [http://localhost/stampeders]


Processing StampedersController#create (for 127.0.0.1 at 2010-03-07 22:36:15) [POST]
  Parameters: {"commit"=>"Create", "authenticity_token"=>"mbj7v27I6+DVCf9r7WdnwZqe9jpaRs8Aj9OBqNmsvKU=", "stampeder"=>{"city"=>"Fort Worth", "team_id"=>"3", "grade"=>"6", "barcode"=>"574324176", "gender"=>"0", "firstname"=>"Ray", "lastname"=>"Cosgrove", "phone"=>"8176371145", "address"=>"7912 Vista Ridge Dr N", "state"=>"TX"}}
  [4;36;1mTeam Load (1.0ms)[0m   [0;1mSELECT * FROM "teams" [0m
Rendering template within layouts/stampeders
Rendering stampeders/new
Completed in 197ms (View: 137, DB: 1) | 200 OK [http://localhost/stampeders]


Processing StampedersController#create (for 127.0.0.1 at 2010-03-07 22:37:18) [POST]
  Parameters: {"commit"=>"Create", "authenticity_token"=>"mbj7v27I6+DVCf9r7WdnwZqe9jpaRs8Aj9OBqNmsvKU=", "stampeder"=>{"city"=>"Fort Worth", "team_id"=>"3", "grade"=>"6", "barcode"=>"574324176", "gender"=>"0", "firstname"=>"Ray", "lastname"=>"Cosgrove", "phone"=>"8176371145", "address"=>"7912 Vista Ridge Dr N", "state"=>"TX"}}
  [4;36;1mTeam Load (1.0ms)[0m   [0;1mSELECT * FROM "teams" [0m
Rendering template within layouts/stampeders
Rendering stampeders/new
Completed in 198ms (View: 138, DB: 1) | 200 OK [http://localhost/stampeders]


Processing StampedersController#create (for 127.0.0.1 at 2010-03-07 22:37:20) [POST]
  Parameters: {"commit"=>"Create", "authenticity_token"=>"mbj7v27I6+DVCf9r7WdnwZqe9jpaRs8Aj9OBqNmsvKU=", "stampeder"=>{"city"=>"Fort Worth", "team_id"=>"3", "grade"=>"6", "barcode"=>"574324176", "gender"=>"0", "firstname"=>"Ray", "lastname"=>"Cosgrove", "phone"=>"8176371145", "address"=>"7912 Vista Ridge Dr N", "state"=>"TX"}}
  [4;35;1mTeam Load (1.0ms)[0m   [0mSELECT * FROM "teams" [0m
Rendering template within layouts/stampeders
Rendering stampeders/new
Completed in 49ms (View: 28, DB: 1) | 200 OK [http://localhost/stampeders]


Processing StampedersController#create (for 127.0.0.1 at 2010-03-07 22:37:24) [POST]
  Parameters: {"commit"=>"Create", "authenticity_token"=>"mbj7v27I6+DVCf9r7WdnwZqe9jpaRs8Aj9OBqNmsvKU=", "stampeder"=>{"city"=>"Fort Worth", "team_id"=>"3", "grade"=>"6", "barcode"=>"574324176", "gender"=>"0", "firstname"=>"Ray", "lastname"=>"Cosgrove", "phone"=>"8176371145", "address"=>"7912 Vista Ridge Dr N", "state"=>"TX"}}
  [4;36;1mTeam Load (1.0ms)[0m   [0;1mSELECT * FROM "teams" [0m
Rendering template within layouts/stampeders
Rendering stampeders/new
Completed in 52ms (View: 28, DB: 1) | 200 OK [http://localhost/stampeders]


Processing StampedersController#create (for 127.0.0.1 at 2010-03-07 22:37:50) [POST]
  Parameters: {"commit"=>"Create", "authenticity_token"=>"mbj7v27I6+DVCf9r7WdnwZqe9jpaRs8Aj9OBqNmsvKU=", "stampeder"=>{"city"=>"Fort Worth", "team_id"=>"3", "grade"=>"6", "barcode"=>"574324176", "gender"=>"0", "firstname"=>"Ray", "lastname"=>"Cosgrove", "phone"=>"8176371145", "address"=>"7912 Vista Ridge Dr N", "state"=>"TX"}}
  [4;35;1mStampeder Create (2.0ms)[0m   [0mINSERT INTO "stampeders" ("city", "team_id", "grade", "updated_at", "barcode", "lastname", "firstname", "gender", "phone", "address", "state", "created_at") VALUES('Fort Worth', 3, 6, '2010-03-08 04:37:50', 574324176, 'Cosgrove', 'Ray', 0, 8176371145, '7912 Vista Ridge Dr N', 'TX', '2010-03-08 04:37:50')[0m
Redirected to http://localhost:3000/stampeders/3
Completed in 145ms (DB: 2) | 302 Found [http://localhost/stampeders]


Processing StampedersController#show (for 127.0.0.1 at 2010-03-07 22:37:51) [GET]
  Parameters: {"id"=>"3"}
  [4;36;1mStampeder Load (1.0ms)[0m   [0;1mSELECT * FROM "stampeders" WHERE ("stampeders"."id" = 3) [0m
Rendering template within layouts/stampeders
Rendering stampeders/show
  [4;35;1mTeam Load (1.0ms)[0m   [0mSELECT * FROM "teams" WHERE ("teams"."id" = 3) [0m
Completed in 35ms (View: 23, DB: 2) | 200 OK [http://localhost/stampeders/3]


Processing StampedersController#edit (for 127.0.0.1 at 2010-03-07 22:37:54) [GET]
  Parameters: {"id"=>"3"}
  [4;36;1mTeam Load (1.0ms)[0m   [0;1mSELECT * FROM "teams" [0m
  [4;35;1mStampeder Load (1.0ms)[0m   [0mSELECT * FROM "stampeders" WHERE ("stampeders"."id" = 3) [0m
Rendering template within layouts/stampeders
Rendering stampeders/edit
Completed in 46ms (View: 28, DB: 2) | 200 OK [http://localhost/stampeders/3/edit]


Processing StampedersController#update (for 127.0.0.1 at 2010-03-07 22:37:56) [PUT]
  Parameters: {"commit"=>"Update", "authenticity_token"=>"mbj7v27I6+DVCf9r7WdnwZqe9jpaRs8Aj9OBqNmsvKU=", "id"=>"3", "stampeder"=>{"city"=>"Fort Worth", "team_id"=>"3", "grade"=>"6", "barcode"=>"574324176", "gender"=>"0", "firstname"=>"Ray", "lastname"=>"Cosgrove", "phone"=>"8176371145", "address"=>"7912 Vista Ridge Dr N", "state"=>"TX"}}
  [4;36;1mStampeder Load (1.0ms)[0m   [0;1mSELECT * FROM "stampeders" WHERE ("stampeders"."id" = 3) [0m
Redirected to http://localhost:3000/stampeders/3
Completed in 17ms (DB: 1) | 302 Found [http://localhost/stampeders/3]


Processing StampedersController#show (for 127.0.0.1 at 2010-03-07 22:37:57) [GET]
  Parameters: {"id"=>"3"}
  [4;35;1mStampeder Load (1.0ms)[0m   [0mSELECT * FROM "stampeders" WHERE ("stampeders"."id" = 3) [0m
Rendering template within layouts/stampeders
Rendering stampeders/show
  [4;36;1mTeam Load (1.0ms)[0m   [0;1mSELECT * FROM "teams" WHERE ("teams"."id" = 3) [0m
Completed in 27ms (View: 15, DB: 2) | 200 OK [http://localhost/stampeders/3]


Processing StampedersController#index (for 127.0.0.1 at 2010-03-07 22:39:23) [GET]
  [4;35;1mStampeder Load (1.0ms)[0m   [0mSELECT * FROM "stampeders" [0m
Rendering template within layouts/stampeders
Rendering stampeders/index
  [4;36;1mTeam Load (1.0ms)[0m   [0;1mSELECT * FROM "teams" WHERE ("teams"."id" = 2) [0m
  [4;35;1mTeam Load (1.0ms)[0m   [0mSELECT * FROM "teams" WHERE ("teams"."id" = 1) [0m
  [4;36;1mTeam Load (1.0ms)[0m   [0;1mSELECT * FROM "teams" WHERE ("teams"."id" = 3) [0m
Completed in 52ms (View: 38, DB: 4) | 200 OK [http://localhost/stampeders]


Processing StampedersController#index (for 127.0.0.1 at 2010-03-07 22:47:52) [GET]
  [4;36;1mStampeder Load (2.0ms)[0m   [0;1mSELECT * FROM "stampeders" [0m
Rendering template within layouts/stampeders
Rendering stampeders/index
  [4;35;1mTeam Load (1.0ms)[0m   [0mSELECT * FROM "teams" WHERE ("teams"."id" = 2) [0m
  [4;36;1mTeam Load (1.0ms)[0m   [0;1mSELECT * FROM "teams" WHERE ("teams"."id" = 1) [0m
  [4;35;1mTeam Load (2.0ms)[0m   [0mSELECT * FROM "teams" WHERE ("teams"."id" = 3) [0m
Completed in 152ms (View: 120, DB: 6) | 200 OK [http://localhost/stampeders]


Processing StampedersController#edit (for 127.0.0.1 at 2010-03-07 22:47:57) [GET]
  Parameters: {"id"=>"1"}
  [4;36;1mTeam Load (2.0ms)[0m   [0;1mSELECT * FROM "teams" [0m
  [4;35;1mStampeder Load (1.0ms)[0m   [0mSELECT * FROM "stampeders" WHERE ("stampeders"."id" = 1) [0m
Rendering template within layouts/stampeders
Rendering stampeders/edit
Completed in 58ms (View: 35, DB: 3) | 200 OK [http://localhost/stampeders/1/edit]


Processing StampedersController#update (for 127.0.0.1 at 2010-03-07 22:48:01) [PUT]
  Parameters: {"commit"=>"Update", "authenticity_token"=>"mbj7v27I6+DVCf9r7WdnwZqe9jpaRs8Aj9OBqNmsvKU=", "id"=>"1", "stampeder"=>{"city"=>"Fort Worth", "team_id"=>"2", "grade"=>"11", "barcode"=>"918272917", "gender"=>"0", "firstname"=>"Will", "lastname"=>"Cosgrove", "phone"=>"8175868669", "address"=>"7912 Vista Ridge Dr N", "state"=>"TX"}}
  [4;36;1mStampeder Load (1.0ms)[0m   [0;1mSELECT * FROM "stampeders" WHERE ("stampeders"."id" = 1) [0m
Rendering template within layouts/stampeders
Rendering stampeders/edit

ActionView::TemplateError (You have a nil object when you didn't expect it!
You might have expected an instance of Array.
The error occurred while evaluating nil.collect) on line #16 of app/views/stampeders/edit.html.erb:
13:   </p>
14:   <p>
15:     <%= f.label :team_id %><br />
16:     <%= f.select :team_id, @teams.collect {|t| [t.name, t.id]} %>
17:   </p>
18:   <p>
19:     <%= f.label :barcode %><br />

    app/views/stampeders/edit.html.erb:16
    app/views/stampeders/edit.html.erb:3
    app/controllers/stampeders_controller.rb:71:in `update'
    app/controllers/stampeders_controller.rb:65:in `update'
    C:/Ruby/lib/ruby/1.8/webrick/httpserver.rb:104:in `service'
    C:/Ruby/lib/ruby/1.8/webrick/httpserver.rb:65:in `run'
    C:/Ruby/lib/ruby/1.8/webrick/server.rb:173:in `start_thread'
    C:/Ruby/lib/ruby/1.8/webrick/server.rb:162:in `start'
    C:/Ruby/lib/ruby/1.8/webrick/server.rb:162:in `start_thread'
    C:/Ruby/lib/ruby/1.8/webrick/server.rb:95:in `start'
    C:/Ruby/lib/ruby/1.8/webrick/server.rb:92:in `each'
    C:/Ruby/lib/ruby/1.8/webrick/server.rb:92:in `start'
    C:/Ruby/lib/ruby/1.8/webrick/server.rb:23:in `start'
    C:/Ruby/lib/ruby/1.8/webrick/server.rb:82:in `start'

Rendered rescues/_trace (88.0ms)
Rendered rescues/_request_and_response (3.0ms)
Rendering rescues/layout (internal_server_error)


Processing StampedersController#update (for 127.0.0.1 at 2010-03-07 22:48:33) [PUT]
  Parameters: {"commit"=>"Update", "authenticity_token"=>"mbj7v27I6+DVCf9r7WdnwZqe9jpaRs8Aj9OBqNmsvKU=", "id"=>"1", "stampeder"=>{"city"=>"Fort Worth", "team_id"=>"2", "grade"=>"11", "barcode"=>"918272917", "gender"=>"0", "firstname"=>"Will", "lastname"=>"Cosgrove", "phone"=>"8175868669", "address"=>"7912 Vista Ridge Dr N", "state"=>"TX"}}
  [4;35;1mStampeder Load (0.0ms)[0m   [0mSELECT * FROM "stampeders" WHERE ("stampeders"."id" = 1) [0m
  [4;36;1mTeam Load (1.0ms)[0m   [0;1mSELECT * FROM "teams" [0m
Rendering template within layouts/stampeders
Rendering stampeders/edit
Completed in 49ms (View: 25, DB: 1) | 200 OK [http://localhost/stampeders/1]


Processing StampedersController#update (for 127.0.0.1 at 2010-03-07 22:50:31) [PUT]
  Parameters: {"commit"=>"Update", "authenticity_token"=>"mbj7v27I6+DVCf9r7WdnwZqe9jpaRs8Aj9OBqNmsvKU=", "id"=>"1", "stampeder"=>{"city"=>"Fort Worth", "team_id"=>"2", "grade"=>"11", "barcode"=>"918272917", "gender"=>"0", "firstname"=>"Will", "lastname"=>"Cosgrove", "phone"=>"8175868669", "address"=>"7912 Vista Ridge Dr N", "state"=>"TX"}}
  [4;35;1mStampeder Load (1.0ms)[0m   [0mSELECT * FROM "stampeders" WHERE ("stampeders"."id" = 1) [0m
Redirected to http://localhost:3000/stampeders/1
Completed in 87ms (DB: 1) | 302 Found [http://localhost/stampeders/1]


Processing StampedersController#show (for 127.0.0.1 at 2010-03-07 22:50:32) [GET]
  Parameters: {"id"=>"1"}
  [4;36;1mStampeder Load (0.0ms)[0m   [0;1mSELECT * FROM "stampeders" WHERE ("stampeders"."id" = 1) [0m
Rendering template within layouts/stampeders
Rendering stampeders/show
  [4;35;1mTeam Load (1.0ms)[0m   [0mSELECT * FROM "teams" WHERE ("teams"."id" = 2) [0m
Completed in 40ms (View: 27, DB: 1) | 200 OK [http://localhost/stampeders/1]


Processing StampedersController#edit (for 127.0.0.1 at 2010-03-07 22:50:34) [GET]
  Parameters: {"id"=>"1"}
  [4;36;1mTeam Load (1.0ms)[0m   [0;1mSELECT * FROM "teams" [0m
  [4;35;1mStampeder Load (1.0ms)[0m   [0mSELECT * FROM "stampeders" WHERE ("stampeders"."id" = 1) [0m
Rendering template within layouts/stampeders
Rendering stampeders/edit
Completed in 33ms (View: 16, DB: 2) | 200 OK [http://localhost/stampeders/1/edit]


Processing StampedersController#update (for 127.0.0.1 at 2010-03-07 22:50:40) [PUT]
  Parameters: {"commit"=>"Update", "authenticity_token"=>"mbj7v27I6+DVCf9r7WdnwZqe9jpaRs8Aj9OBqNmsvKU=", "id"=>"1", "stampeder"=>{"city"=>"Fort Worth", "team_id"=>"2", "grade"=>"11", "barcode"=>"91827291", "gender"=>"0", "firstname"=>"Will", "lastname"=>"Cosgrove", "phone"=>"8175868669", "address"=>"7912 Vista Ridge Dr N", "state"=>"TX"}}
  [4;36;1mStampeder Load (0.0ms)[0m   [0;1mSELECT * FROM "stampeders" WHERE ("stampeders"."id" = 1) [0m
  [4;35;1mTeam Load (1.0ms)[0m   [0mSELECT * FROM "teams" [0m
Rendering template within layouts/stampeders
Rendering stampeders/edit
Completed in 49ms (View: 24, DB: 1) | 200 OK [http://localhost/stampeders/1]


Processing StampedersController#update (for 127.0.0.1 at 2010-03-07 22:50:44) [PUT]
  Parameters: {"commit"=>"Update", "authenticity_token"=>"mbj7v27I6+DVCf9r7WdnwZqe9jpaRs8Aj9OBqNmsvKU=", "id"=>"1", "stampeder"=>{"city"=>"Fort Worth", "team_id"=>"2", "grade"=>"11", "barcode"=>"918272917", "gender"=>"0", "firstname"=>"Will", "lastname"=>"Cosgrove", "phone"=>"8175868669", "address"=>"7912 Vista Ridge Dr N", "state"=>"TX"}}
  [4;36;1mStampeder Load (1.0ms)[0m   [0;1mSELECT * FROM "stampeders" WHERE ("stampeders"."id" = 1) [0m
Redirected to http://localhost:3000/stampeders/1
Completed in 18ms (DB: 1) | 302 Found [http://localhost/stampeders/1]


Processing StampedersController#show (for 127.0.0.1 at 2010-03-07 22:50:45) [GET]
  Parameters: {"id"=>"1"}
  [4;35;1mStampeder Load (0.0ms)[0m   [0mSELECT * FROM "stampeders" WHERE ("stampeders"."id" = 1) [0m
Rendering template within layouts/stampeders
Rendering stampeders/show
  [4;36;1mTeam Load (1.0ms)[0m   [0;1mSELECT * FROM "teams" WHERE ("teams"."id" = 2) [0m
Completed in 25ms (View: 14, DB: 1) | 200 OK [http://localhost/stampeders/1]


Processing StampedersController#index (for 127.0.0.1 at 2010-03-07 22:50:48) [GET]
  [4;35;1mStampeder Load (1.0ms)[0m   [0mSELECT * FROM "stampeders" [0m
Rendering template within layouts/stampeders
Rendering stampeders/index
  [4;36;1mTeam Load (1.0ms)[0m   [0;1mSELECT * FROM "teams" WHERE ("teams"."id" = 2) [0m
  [4;35;1mTeam Load (0.0ms)[0m   [0mSELECT * FROM "teams" WHERE ("teams"."id" = 1) [0m
  [4;36;1mTeam Load (1.0ms)[0m   [0;1mSELECT * FROM "teams" WHERE ("teams"."id" = 3) [0m
Completed in 46ms (View: 32, DB: 3) | 200 OK [http://localhost/stampeders]
